--------------- Clean Started: 06/16/2020 23:22:56 Project: Bartender, Configuration: ARM GCC 4.9-2015-q1-update Debug ---------------
Deleting file ".\CortexM3\ARM_GCC_493\Debug\main.o"
Deleting file ".\CortexM3\ARM_GCC_493\Debug\GUI_X.o"
Deleting file ".\CortexM3\ARM_GCC_493\Debug\GUIConf.o"
Deleting file ".\CortexM3\ARM_GCC_493\Debug\LCDConf.o"
Deleting file ".\CortexM3\ARM_GCC_493\Debug\tft.o"
Deleting file ".\CortexM3\ARM_GCC_493\Debug\drinks.o"
Deleting file ".\CortexM3\ARM_GCC_493\Debug\cyfitter_cfg.o"
Deleting file ".\CortexM3\ARM_GCC_493\Debug\cymetadata.o"
Deleting file ".\CortexM3\ARM_GCC_493\Debug\Cm3Start.o"
Deleting file ".\CortexM3\ARM_GCC_493\Debug\CyBootAsmGnu.o"
Deleting file ".\CortexM3\ARM_GCC_493\Debug\CyDmac.o"
Deleting file ".\CortexM3\ARM_GCC_493\Debug\CyFlash.o"
Deleting file ".\CortexM3\ARM_GCC_493\Debug\CyLib.o"
Deleting file ".\CortexM3\ARM_GCC_493\Debug\cyPm.o"
Deleting file ".\CortexM3\ARM_GCC_493\Debug\CySpc.o"
Deleting file ".\CortexM3\ARM_GCC_493\Debug\cyutils.o"
Deleting file ".\CortexM3\ARM_GCC_493\Debug\Relay_1.o"
Deleting file ".\CortexM3\ARM_GCC_493\Debug\Submit_Button.o"
Deleting file ".\CortexM3\ARM_GCC_493\Debug\Submit_Int.o"
Deleting file ".\CortexM3\ARM_GCC_493\Debug\Debounce_Clock.o"
Deleting file ".\CortexM3\ARM_GCC_493\Debug\Relay_2.o"
Deleting file ".\CortexM3\ARM_GCC_493\Debug\Relay_3.o"
Deleting file ".\CortexM3\ARM_GCC_493\Debug\Relay_4.o"
Deleting file ".\CortexM3\ARM_GCC_493\Debug\Relay_5.o"
Deleting file ".\CortexM3\ARM_GCC_493\Debug\Relay_6.o"
Deleting file ".\CortexM3\ARM_GCC_493\Debug\Up_Button.o"
Deleting file ".\CortexM3\ARM_GCC_493\Debug\Up_Int.o"
Deleting file ".\CortexM3\ARM_GCC_493\Debug\Down_Button.o"
Deleting file ".\CortexM3\ARM_GCC_493\Debug\Down_Int.o"
Deleting file ".\CortexM3\ARM_GCC_493\Debug\SPIM_1.o"
Deleting file ".\CortexM3\ARM_GCC_493\Debug\SPIM_1_PM.o"
Deleting file ".\CortexM3\ARM_GCC_493\Debug\SPIM_1_INT.o"
Deleting file ".\CortexM3\ARM_GCC_493\Debug\MOSI.o"
Deleting file ".\CortexM3\ARM_GCC_493\Debug\SCLK.o"
Deleting file ".\CortexM3\ARM_GCC_493\Debug\SS.o"
Deleting file ".\CortexM3\ARM_GCC_493\Debug\MISO.o"
Deleting file ".\CortexM3\ARM_GCC_493\Debug\DC.o"
Deleting file ".\CortexM3\ARM_GCC_493\Debug\RESET.o"
Deleting file ".\CortexM3\ARM_GCC_493\Debug\LED.o"
Deleting file ".\CortexM3\ARM_GCC_493\Debug\SPIM_1_IntClock.o"
Deleting file ".\CortexM3\ARM_GCC_493\Debug\Em_EEPROM.o"
Deleting file ".\CortexM3\ARM_GCC_493\Debug\Bartender.hex"
Deleting file ".\CortexM3\ARM_GCC_493\Debug\Bartender.elf"
Deleting file ".\CortexM3\ARM_GCC_493\Debug\Bartender.map"
Deleting file ".\Bartender.cycdx"
Deleting file ".\Bartender.rpt"
Deleting file ".\Bartender_timing.html"
Deleting file ".\CortexM3\ARM_GCC_493\Debug\.deps\C_FILE.P"
Deleting file ".\CortexM3\ARM_GCC_493\Debug\.deps\ARM_C_FILE.P"
Deleting file ".\CortexM3\ARM_GCC_493\Debug\.deps\GNU_ARM_ASM_FILE.P"
--------------- Clean Succeeded: 06/16/2020 23:22:56 ---------------
