ARM GAS  C:\Users\mark6\AppData\Local\Temp\cck94tIo.s 			page 1


   1              		.syntax unified
   2              		.cpu cortex-m3
   3              		.fpu softvfp
   4              		.eabi_attribute 20, 1
   5              		.eabi_attribute 21, 1
   6              		.eabi_attribute 23, 3
   7              		.eabi_attribute 24, 1
   8              		.eabi_attribute 25, 1
   9              		.eabi_attribute 26, 1
  10              		.eabi_attribute 30, 1
  11              		.eabi_attribute 34, 1
  12              		.eabi_attribute 18, 4
  13              		.thumb
  14              		.file	"drinks.c"
  15              		.text
  16              	.Ltext0:
  17              		.cfi_sections	.debug_frame
  18              		.section	.text.Ingredient_Create,"ax",%progbits
  19              		.align	2
  20              		.global	Ingredient_Create
  21              		.thumb
  22              		.thumb_func
  23              		.type	Ingredient_Create, %function
  24              	Ingredient_Create:
  25              	.LFB63:
  26              		.file 1 ".\\drinks.c"
   1:.\drinks.c    **** /* ========================================
   2:.\drinks.c    ****  *
   3:.\drinks.c    ****  * Copyright YOUR COMPANY, THE YEAR
   4:.\drinks.c    ****  * All Rights Reserved
   5:.\drinks.c    ****  * UNPUBLISHED, LICENSED SOFTWARE.
   6:.\drinks.c    ****  *
   7:.\drinks.c    ****  * CONFIDENTIAL AND PROPRIETARY INFORMATION
   8:.\drinks.c    ****  * WHICH IS THE PROPERTY OF your company.
   9:.\drinks.c    ****  *
  10:.\drinks.c    ****  * ========================================
  11:.\drinks.c    **** */
  12:.\drinks.c    **** #include "drinks.h"
  13:.\drinks.c    **** #include <string.h>
  14:.\drinks.c    **** 
  15:.\drinks.c    **** const int NUM_DRINKS = 7;
  16:.\drinks.c    **** char Liquids[NUM_MIXIES][WORD_SIZE] = { "No Drink", "Absinthe", "Baileys", "Barefoot", "Beer", "Blo
  17:.\drinks.c    **** 
  18:.\drinks.c    **** Ingredient* Ingredient_Create(Liquid liquid, int amount) {
  27              		.loc 1 18 0
  28              		.cfi_startproc
  29              		@ args = 0, pretend = 0, frame = 0
  30              		@ frame_needed = 0, uses_anonymous_args = 0
  31              	.LVL0:
  32 0000 38B5     		push	{r3, r4, r5, lr}
  33              		.cfi_def_cfa_offset 16
  34              		.cfi_offset 3, -16
  35              		.cfi_offset 4, -12
  36              		.cfi_offset 5, -8
  37              		.cfi_offset 14, -4
  38 0002 0546     		mov	r5, r0
  39 0004 0C46     		mov	r4, r1
ARM GAS  C:\Users\mark6\AppData\Local\Temp\cck94tIo.s 			page 2


  19:.\drinks.c    ****     Ingredient* ingredient_ptr = malloc(sizeof(Ingredient));
  40              		.loc 1 19 0
  41 0006 0820     		movs	r0, #8
  42              	.LVL1:
  43 0008 FFF7FEFF 		bl	malloc
  44              	.LVL2:
  20:.\drinks.c    ****     
  21:.\drinks.c    ****     ingredient_ptr->liquid = liquid;
  45              		.loc 1 21 0
  46 000c 0570     		strb	r5, [r0]
  22:.\drinks.c    ****     ingredient_ptr->amount = amount;
  47              		.loc 1 22 0
  48 000e 4460     		str	r4, [r0, #4]
  23:.\drinks.c    ****     
  24:.\drinks.c    ****     return ingredient_ptr;
  25:.\drinks.c    **** };
  49              		.loc 1 25 0
  50 0010 38BD     		pop	{r3, r4, r5, pc}
  51              		.cfi_endproc
  52              	.LFE63:
  53              		.size	Ingredient_Create, .-Ingredient_Create
  54 0012 00BF     		.section	.text.Drink_Create,"ax",%progbits
  55              		.align	2
  56              		.global	Drink_Create
  57              		.thumb
  58              		.thumb_func
  59              		.type	Drink_Create, %function
  60              	Drink_Create:
  61              	.LFB64:
  26:.\drinks.c    **** 
  27:.\drinks.c    **** /*
  28:.\drinks.c    ****     Ingredient* ing = Ingredient_Create(VODKA, 50);
  29:.\drinks.c    ****     GUI_DispDecAt(drinks[0]->num_ingredients, 20, 20, 2);
  30:.\drinks.c    ****     for (i=0; i< drinks[0]->num_ingredients; i++) {
  31:.\drinks.c    ****         //GUI_DispStringAt(Liquids[drinks[0]->ingredients[i]->liquid], 20, 60+20*i);
  32:.\drinks.c    ****         //GUI_DispDecAt(drinks[0]->ingredients[i]->amount, 20, 120+20*i, 3);
  33:.\drinks.c    ****         GUI_DispStringAt(Liquids[ing->liquid], 20, 60+20*i);
  34:.\drinks.c    ****         GUI_DispDecAt(ing->amount, 20, 120+20*i, 3);
  35:.\drinks.c    ****     }
  36:.\drinks.c    **** */
  37:.\drinks.c    **** Drink* Drink_Create(char* name, Liquid* liquids, int* amounts, int num_ingredients) {
  62              		.loc 1 37 0
  63              		.cfi_startproc
  64              		@ args = 0, pretend = 0, frame = 0
  65              		@ frame_needed = 0, uses_anonymous_args = 0
  66              	.LVL3:
  67 0000 2DE9F843 		push	{r3, r4, r5, r6, r7, r8, r9, lr}
  68              		.cfi_def_cfa_offset 32
  69              		.cfi_offset 3, -32
  70              		.cfi_offset 4, -28
  71              		.cfi_offset 5, -24
  72              		.cfi_offset 6, -20
  73              		.cfi_offset 7, -16
  74              		.cfi_offset 8, -12
  75              		.cfi_offset 9, -8
  76              		.cfi_offset 14, -4
  77 0004 0446     		mov	r4, r0
ARM GAS  C:\Users\mark6\AppData\Local\Temp\cck94tIo.s 			page 3


  78 0006 8946     		mov	r9, r1
  79 0008 9046     		mov	r8, r2
  80 000a 1F46     		mov	r7, r3
  38:.\drinks.c    ****     Drink* drink = malloc(sizeof(Drink));
  81              		.loc 1 38 0
  82 000c 3C20     		movs	r0, #60
  83              	.LVL4:
  84 000e FFF7FEFF 		bl	malloc
  85              	.LVL5:
  86 0012 0646     		mov	r6, r0
  87              	.LVL6:
  39:.\drinks.c    ****     
  40:.\drinks.c    ****     strcpy(drink->name, name);
  88              		.loc 1 40 0
  89 0014 2146     		mov	r1, r4
  90 0016 FFF7FEFF 		bl	strcpy
  91              	.LVL7:
  41:.\drinks.c    ****     drink->num_ingredients = num_ingredients;
  92              		.loc 1 41 0
  93 001a B763     		str	r7, [r6, #56]
  42:.\drinks.c    ****     drink->ingredients = malloc(num_ingredients * sizeof(*drink->ingredients));
  94              		.loc 1 42 0
  95 001c B800     		lsls	r0, r7, #2
  96 001e FFF7FEFF 		bl	malloc
  97              	.LVL8:
  98 0022 7063     		str	r0, [r6, #52]
  99              	.LVL9:
  43:.\drinks.c    ****     int i;
  44:.\drinks.c    ****     for (i = 0; i < num_ingredients; i++) {
 100              		.loc 1 44 0
 101 0024 0024     		movs	r4, #0
 102              	.LVL10:
 103 0026 09E0     		b	.L4
 104              	.LVL11:
 105              	.L5:
  45:.\drinks.c    ****         drink->ingredients[i] = Ingredient_Create(liquids[i], amounts[i]); 
 106              		.loc 1 45 0 discriminator 3
 107 0028 756B     		ldr	r5, [r6, #52]
 108 002a 19F80400 		ldrb	r0, [r9, r4]	@ zero_extendqisi2
 109 002e 58F82410 		ldr	r1, [r8, r4, lsl #2]
 110 0032 FFF7FEFF 		bl	Ingredient_Create
 111              	.LVL12:
 112 0036 45F82400 		str	r0, [r5, r4, lsl #2]
  44:.\drinks.c    ****         drink->ingredients[i] = Ingredient_Create(liquids[i], amounts[i]); 
 113              		.loc 1 44 0 discriminator 3
 114 003a 0134     		adds	r4, r4, #1
 115              	.LVL13:
 116              	.L4:
  44:.\drinks.c    ****         drink->ingredients[i] = Ingredient_Create(liquids[i], amounts[i]); 
 117              		.loc 1 44 0 is_stmt 0 discriminator 1
 118 003c BC42     		cmp	r4, r7
 119 003e F3DB     		blt	.L5
  46:.\drinks.c    ****     }
  47:.\drinks.c    ****     return drink;
  48:.\drinks.c    **** }
 120              		.loc 1 48 0 is_stmt 1
 121 0040 3046     		mov	r0, r6
ARM GAS  C:\Users\mark6\AppData\Local\Temp\cck94tIo.s 			page 4


 122 0042 BDE8F883 		pop	{r3, r4, r5, r6, r7, r8, r9, pc}
 123              		.cfi_endproc
 124              	.LFE64:
 125              		.size	Drink_Create, .-Drink_Create
 126 0046 00BF     		.section	.text.generate_drinks,"ax",%progbits
 127              		.align	2
 128              		.global	generate_drinks
 129              		.thumb
 130              		.thumb_func
 131              		.type	generate_drinks, %function
 132              	generate_drinks:
 133              	.LFB65:
  49:.\drinks.c    **** 
  50:.\drinks.c    **** 
  51:.\drinks.c    **** Drink** generate_drinks() {
 134              		.loc 1 51 0
 135              		.cfi_startproc
 136              		@ args = 0, pretend = 0, frame = 80
 137              		@ frame_needed = 0, uses_anonymous_args = 0
 138 0000 30B5     		push	{r4, r5, lr}
 139              		.cfi_def_cfa_offset 12
 140              		.cfi_offset 4, -12
 141              		.cfi_offset 5, -8
 142              		.cfi_offset 14, -4
 143 0002 95B0     		sub	sp, sp, #84
 144              		.cfi_def_cfa_offset 96
  52:.\drinks.c    **** 
  53:.\drinks.c    ****     Drink** drinks = malloc(NUM_DRINKS * sizeof(*drinks));
 145              		.loc 1 53 0
 146 0004 1C20     		movs	r0, #28
 147 0006 FFF7FEFF 		bl	malloc
 148              	.LVL14:
 149 000a 0546     		mov	r5, r0
 150              	.LVL15:
  54:.\drinks.c    ****     
  55:.\drinks.c    ****     Liquid DKESpecial_Ingredients[1] = {BEER};
 151              		.loc 1 55 0
 152 000c 0423     		movs	r3, #4
 153 000e 8DF84C30 		strb	r3, [sp, #76]
  56:.\drinks.c    ****     int DKESpecial_Amounts[1] = {50};
 154              		.loc 1 56 0
 155 0012 3223     		movs	r3, #50
 156 0014 1293     		str	r3, [sp, #72]
  57:.\drinks.c    ****     drinks[0] = Drink_Create("DKE Special", DKESpecial_Ingredients, DKESpecial_Amounts, 1);
 157              		.loc 1 57 0
 158 0016 3348     		ldr	r0, .L9
 159              	.LVL16:
 160 0018 13A9     		add	r1, sp, #76
 161 001a 12AA     		add	r2, sp, #72
 162 001c 0123     		movs	r3, #1
 163 001e FFF7FEFF 		bl	Drink_Create
 164              	.LVL17:
 165 0022 2860     		str	r0, [r5]
  58:.\drinks.c    **** 
  59:.\drinks.c    ****     Liquid GinTonic_Ingredients[2] = {GIN, TONIC};
 166              		.loc 1 59 0
 167 0024 304C     		ldr	r4, .L9+4
ARM GAS  C:\Users\mark6\AppData\Local\Temp\cck94tIo.s 			page 5


 168 0026 2346     		mov	r3, r4
 169 0028 33F8042B 		ldrh	r2, [r3], #4	@ unaligned
 170 002c ADF84420 		strh	r2, [sp, #68]	@ unaligned
  60:.\drinks.c    ****     int GinTonic_Amounts[2] = {50, 150};
 171              		.loc 1 60 0
 172 0030 0FAA     		add	r2, sp, #60
 173 0032 93E80300 		ldmia	r3, {r0, r1}
 174 0036 82E80300 		stmia	r2, {r0, r1}
  61:.\drinks.c    ****     drinks[1] = Drink_Create("Gin & Tonic", GinTonic_Ingredients, GinTonic_Amounts, 2);
 175              		.loc 1 61 0
 176 003a 2C48     		ldr	r0, .L9+8
 177 003c 11A9     		add	r1, sp, #68
 178 003e 0223     		movs	r3, #2
 179 0040 FFF7FEFF 		bl	Drink_Create
 180              	.LVL18:
 181 0044 6860     		str	r0, [r5, #4]
  62:.\drinks.c    **** 
  63:.\drinks.c    ****     Liquid HarabedianSpecial_Ingredients[2] = {PINKWHITNEY, SELTZER};
 182              		.loc 1 63 0
 183 0046 A389     		ldrh	r3, [r4, #12]	@ unaligned
 184 0048 ADF83830 		strh	r3, [sp, #56]	@ unaligned
  64:.\drinks.c    ****     int HarabedianSpecial_Amounts[2] = {100, 100};
 185              		.loc 1 64 0
 186 004c 0CAA     		add	r2, sp, #48
 187 004e 04F11003 		add	r3, r4, #16
 188 0052 93E80300 		ldmia	r3, {r0, r1}
 189 0056 82E80300 		stmia	r2, {r0, r1}
  65:.\drinks.c    ****     drinks[2] = Drink_Create("Harabedian Special", HarabedianSpecial_Ingredients, HarabedianSpecial
 190              		.loc 1 65 0
 191 005a 2548     		ldr	r0, .L9+12
 192 005c 0EA9     		add	r1, sp, #56
 193 005e 0223     		movs	r3, #2
 194 0060 FFF7FEFF 		bl	Drink_Create
 195              	.LVL19:
 196 0064 A860     		str	r0, [r5, #8]
  66:.\drinks.c    **** 
  67:.\drinks.c    ****     Liquid IslandSpecial_Ingredients[1] = {DOCTOR};
 197              		.loc 1 67 0
 198 0066 0B23     		movs	r3, #11
 199 0068 8DF82C30 		strb	r3, [sp, #44]
  68:.\drinks.c    ****     int IslandSpecial_Amounts[1] = {100};
 200              		.loc 1 68 0
 201 006c 6423     		movs	r3, #100
 202 006e 0A93     		str	r3, [sp, #40]
  69:.\drinks.c    ****     drinks[3] = Drink_Create("Island Special", IslandSpecial_Ingredients, IslandSpecial_Amounts, 1)
 203              		.loc 1 69 0
 204 0070 2048     		ldr	r0, .L9+16
 205 0072 0BA9     		add	r1, sp, #44
 206 0074 0AAA     		add	r2, sp, #40
 207 0076 0123     		movs	r3, #1
 208 0078 FFF7FEFF 		bl	Drink_Create
 209              	.LVL20:
 210 007c E860     		str	r0, [r5, #12]
  70:.\drinks.c    **** 
  71:.\drinks.c    ****     Liquid PinaColada_Ingredients[2] = {PINACOLADAMIX, WHITERUM};
 211              		.loc 1 71 0
 212 007e 238B     		ldrh	r3, [r4, #24]	@ unaligned
ARM GAS  C:\Users\mark6\AppData\Local\Temp\cck94tIo.s 			page 6


 213 0080 ADF82430 		strh	r3, [sp, #36]	@ unaligned
  72:.\drinks.c    ****     int PinaColada_Amounts[2] = {148, 59};
 214              		.loc 1 72 0
 215 0084 07AA     		add	r2, sp, #28
 216 0086 04F11C03 		add	r3, r4, #28
 217 008a 93E80300 		ldmia	r3, {r0, r1}
 218 008e 82E80300 		stmia	r2, {r0, r1}
  73:.\drinks.c    ****     drinks[4] = Drink_Create("Pina Colada", PinaColada_Ingredients, PinaColada_Amounts, 2);
 219              		.loc 1 73 0
 220 0092 1948     		ldr	r0, .L9+20
 221 0094 09A9     		add	r1, sp, #36
 222 0096 0223     		movs	r3, #2
 223 0098 FFF7FEFF 		bl	Drink_Create
 224              	.LVL21:
 225 009c 2861     		str	r0, [r5, #16]
  74:.\drinks.c    **** 
  75:.\drinks.c    ****     Liquid RedBullVodka_Ingredients[2] = {REDBULL, VODKA};
 226              		.loc 1 75 0
 227 009e A38C     		ldrh	r3, [r4, #36]	@ unaligned
 228 00a0 ADF81830 		strh	r3, [sp, #24]	@ unaligned
  76:.\drinks.c    ****     int RedBullVodka_Amounts[2] = {248, 100};
 229              		.loc 1 76 0
 230 00a4 04AA     		add	r2, sp, #16
 231 00a6 04F12803 		add	r3, r4, #40
 232 00aa 93E80300 		ldmia	r3, {r0, r1}
 233 00ae 82E80300 		stmia	r2, {r0, r1}
  77:.\drinks.c    ****     drinks[5] = Drink_Create("Red Bull Vodka", RedBullVodka_Ingredients, RedBullVodka_Amounts, 2);
 234              		.loc 1 77 0
 235 00b2 1248     		ldr	r0, .L9+24
 236 00b4 06A9     		add	r1, sp, #24
 237 00b6 0223     		movs	r3, #2
 238 00b8 FFF7FEFF 		bl	Drink_Create
 239              	.LVL22:
 240 00bc 6861     		str	r0, [r5, #20]
  78:.\drinks.c    **** 
  79:.\drinks.c    ****     Liquid Screwdriver_Ingredients[2] = {ORANGEJUICE, VODKA};
 241              		.loc 1 79 0
 242 00be 238E     		ldrh	r3, [r4, #48]	@ unaligned
 243 00c0 ADF80C30 		strh	r3, [sp, #12]	@ unaligned
  80:.\drinks.c    ****     int Screwdriver_Amounts[2] = {150, 50};
 244              		.loc 1 80 0
 245 00c4 01AA     		add	r2, sp, #4
 246 00c6 3434     		adds	r4, r4, #52
 247 00c8 94E80300 		ldmia	r4, {r0, r1}
 248 00cc 82E80300 		stmia	r2, {r0, r1}
  81:.\drinks.c    ****     drinks[6] = Drink_Create("Screwdriver", Screwdriver_Ingredients, Screwdriver_Amounts, 2);
 249              		.loc 1 81 0
 250 00d0 0B48     		ldr	r0, .L9+28
 251 00d2 03A9     		add	r1, sp, #12
 252 00d4 0223     		movs	r3, #2
 253 00d6 FFF7FEFF 		bl	Drink_Create
 254              	.LVL23:
 255 00da A861     		str	r0, [r5, #24]
  82:.\drinks.c    **** 
  83:.\drinks.c    ****     return drinks;
  84:.\drinks.c    **** }
 256              		.loc 1 84 0
ARM GAS  C:\Users\mark6\AppData\Local\Temp\cck94tIo.s 			page 7


 257 00dc 2846     		mov	r0, r5
 258 00de 15B0     		add	sp, sp, #84
 259              		.cfi_def_cfa_offset 12
 260              		@ sp needed
 261 00e0 30BD     		pop	{r4, r5, pc}
 262              	.LVL24:
 263              	.L10:
 264 00e2 00BF     		.align	2
 265              	.L9:
 266 00e4 00000000 		.word	.LC10
 267 00e8 00000000 		.word	.LANCHOR0
 268 00ec 0C000000 		.word	.LC11
 269 00f0 18000000 		.word	.LC12
 270 00f4 2C000000 		.word	.LC13
 271 00f8 3C000000 		.word	.LC14
 272 00fc 48000000 		.word	.LC15
 273 0100 58000000 		.word	.LC16
 274              		.cfi_endproc
 275              	.LFE65:
 276              		.size	generate_drinks, .-generate_drinks
 277              		.global	Liquids
 278              		.global	NUM_DRINKS
 279              		.section	.rodata
 280              		.align	2
 281              		.set	.LANCHOR0,. + 0
 282              	.LC0:
 283 0000 0E       		.byte	14
 284 0001 21       		.byte	33
 285 0002 0000     		.space	2
 286              	.LC1:
 287 0004 32000000 		.word	50
 288 0008 96000000 		.word	150
 289              	.LC2:
 290 000c 1B       		.byte	27
 291 000d 1D       		.byte	29
 292 000e 0000     		.space	2
 293              	.LC3:
 294 0010 64000000 		.word	100
 295 0014 64000000 		.word	100
 296              	.LC4:
 297 0018 19       		.byte	25
 298 0019 26       		.byte	38
 299 001a 0000     		.space	2
 300              	.LC5:
 301 001c 94000000 		.word	148
 302 0020 3B000000 		.word	59
 303              	.LC6:
 304 0024 1C       		.byte	28
 305 0025 23       		.byte	35
 306 0026 0000     		.space	2
 307              	.LC7:
 308 0028 F8000000 		.word	248
 309 002c 64000000 		.word	100
 310              	.LC8:
 311 0030 16       		.byte	22
 312 0031 23       		.byte	35
 313 0032 0000     		.space	2
ARM GAS  C:\Users\mark6\AppData\Local\Temp\cck94tIo.s 			page 8


 314              	.LC9:
 315 0034 96000000 		.word	150
 316 0038 32000000 		.word	50
 317              		.type	NUM_DRINKS, %object
 318              		.size	NUM_DRINKS, 4
 319              	NUM_DRINKS:
 320 003c 07000000 		.word	7
 321              		.data
 322              		.align	2
 323              		.type	Liquids, %object
 324              		.size	Liquids, 1950
 325              	Liquids:
 326 0000 4E6F2044 		.ascii	"No Drink\000"
 326      72696E6B 
 326      00
 327 0009 00000000 		.space	41
 327      00000000 
 327      00000000 
 327      00000000 
 327      00000000 
 328 0032 41627369 		.ascii	"Absinthe\000"
 328      6E746865 
 328      00
 329 003b 00000000 		.space	41
 329      00000000 
 329      00000000 
 329      00000000 
 329      00000000 
 330 0064 4261696C 		.ascii	"Baileys\000"
 330      65797300 
 331 006c 00000000 		.space	42
 331      00000000 
 331      00000000 
 331      00000000 
 331      00000000 
 332 0096 42617265 		.ascii	"Barefoot\000"
 332      666F6F74 
 332      00
 333 009f 00000000 		.space	41
 333      00000000 
 333      00000000 
 333      00000000 
 333      00000000 
 334 00c8 42656572 		.ascii	"Beer\000"
 334      00
 335 00cd 00000000 		.space	45
 335      00000000 
 335      00000000 
 335      00000000 
 335      00000000 
 336 00fa 426C6F6F 		.ascii	"Bloody Mary Mix\000"
 336      6479204D 
 336      61727920 
 336      4D697800 
 337 010a 00000000 		.space	34
 337      00000000 
 337      00000000 
ARM GAS  C:\Users\mark6\AppData\Local\Temp\cck94tIo.s 			page 9


 337      00000000 
 337      00000000 
 338 012c 4368616D 		.ascii	"Champagne\000"
 338      7061676E 
 338      6500
 339 0136 00000000 		.space	40
 339      00000000 
 339      00000000 
 339      00000000 
 339      00000000 
 340 015e 43696465 		.ascii	"Cider\000"
 340      7200
 341 0164 00000000 		.space	44
 341      00000000 
 341      00000000 
 341      00000000 
 341      00000000 
 342 0190 436F6B65 		.ascii	"Coke\000"
 342      00
 343 0195 00000000 		.space	45
 343      00000000 
 343      00000000 
 343      00000000 
 343      00000000 
 344 01c2 4372616E 		.ascii	"Cranberry Juice\000"
 344      62657272 
 344      79204A75 
 344      69636500 
 345 01d2 00000000 		.space	34
 345      00000000 
 345      00000000 
 345      00000000 
 345      00000000 
 346 01f4 4461726B 		.ascii	"Dark Rum\000"
 346      2052756D 
 346      00
 347 01fd 00000000 		.space	41
 347      00000000 
 347      00000000 
 347      00000000 
 347      00000000 
 348 0226 446F6374 		.ascii	"Doctor\000"
 348      6F7200
 349 022d 00000000 		.space	43
 349      00000000 
 349      00000000 
 349      00000000 
 349      00000000 
 350 0258 45766572 		.ascii	"Everclear\000"
 350      636C6561 
 350      7200
 351 0262 00000000 		.space	40
 351      00000000 
 351      00000000 
 351      00000000 
 351      00000000 
 352 028a 4761746F 		.ascii	"Gatorade\000"
ARM GAS  C:\Users\mark6\AppData\Local\Temp\cck94tIo.s 			page 10


 352      72616465 
 352      00
 353 0293 00000000 		.space	41
 353      00000000 
 353      00000000 
 353      00000000 
 353      00000000 
 354 02bc 47696E00 		.ascii	"Gin\000"
 355 02c0 00000000 		.space	46
 355      00000000 
 355      00000000 
 355      00000000 
 355      00000000 
 356 02ee 47696E67 		.ascii	"Ginger Beer\000"
 356      65722042 
 356      65657200 
 357 02fa 00000000 		.space	38
 357      00000000 
 357      00000000 
 357      00000000 
 357      00000000 
 358 0320 4B61686C 		.ascii	"Kahlua\000"
 358      756100
 359 0327 00000000 		.space	43
 359      00000000 
 359      00000000 
 359      00000000 
 359      00000000 
 360 0352 4C656D6F 		.ascii	"Lemonade\000"
 360      6E616465 
 360      00
 361 035b 00000000 		.space	41
 361      00000000 
 361      00000000 
 361      00000000 
 361      00000000 
 362 0384 4D616C69 		.ascii	"Malibu\000"
 362      627500
 363 038b 00000000 		.space	43
 363      00000000 
 363      00000000 
 363      00000000 
 363      00000000 
 364 03b6 4D617267 		.ascii	"Margarita Mix\000"
 364      61726974 
 364      61204D69 
 364      7800
 365 03c4 00000000 		.space	36
 365      00000000 
 365      00000000 
 365      00000000 
 365      00000000 
 366 03e8 4D656C6F 		.ascii	"Melon Liqueur\000"
 366      6E204C69 
 366      71756575 
 366      7200
 367 03f6 00000000 		.space	36
ARM GAS  C:\Users\mark6\AppData\Local\Temp\cck94tIo.s 			page 11


 367      00000000 
 367      00000000 
 367      00000000 
 367      00000000 
 368 041a 4D696C6B 		.ascii	"Milk\000"
 368      00
 369 041f 00000000 		.space	45
 369      00000000 
 369      00000000 
 369      00000000 
 369      00000000 
 370 044c 4F72616E 		.ascii	"Orange Juice\000"
 370      6765204A 
 370      75696365 
 370      00
 371 0459 00000000 		.space	37
 371      00000000 
 371      00000000 
 371      00000000 
 371      00000000 
 372 047e 50617474 		.ascii	"Patty O's Hurricane Mix\000"
 372      79204F27 
 372      73204875 
 372      72726963 
 372      616E6520 
 373 0496 00000000 		.space	26
 373      00000000 
 373      00000000 
 373      00000000 
 373      00000000 
 374 04b0 50657070 		.ascii	"Peppermint Schanpps\000"
 374      65726D69 
 374      6E742053 
 374      6368616E 
 374      70707300 
 375 04c4 00000000 		.space	30
 375      00000000 
 375      00000000 
 375      00000000 
 375      00000000 
 376 04e2 50696E61 		.ascii	"Pina Colada Mix\000"
 376      20436F6C 
 376      61646120 
 376      4D697800 
 377 04f2 00000000 		.space	34
 377      00000000 
 377      00000000 
 377      00000000 
 377      00000000 
 378 0514 50696E65 		.ascii	"Pineapple Juice\000"
 378      6170706C 
 378      65204A75 
 378      69636500 
 379 0524 00000000 		.space	34
 379      00000000 
 379      00000000 
 379      00000000 
ARM GAS  C:\Users\mark6\AppData\Local\Temp\cck94tIo.s 			page 12


 379      00000000 
 380 0546 50696E6B 		.ascii	"Pink Whitney\000"
 380      20576869 
 380      746E6579 
 380      00
 381 0553 00000000 		.space	37
 381      00000000 
 381      00000000 
 381      00000000 
 381      00000000 
 382 0578 52656420 		.ascii	"Red Bull\000"
 382      42756C6C 
 382      00
 383 0581 00000000 		.space	41
 383      00000000 
 383      00000000 
 383      00000000 
 383      00000000 
 384 05aa 53656C74 		.ascii	"Seltzer\000"
 384      7A657200 
 385 05b2 00000000 		.space	42
 385      00000000 
 385      00000000 
 385      00000000 
 385      00000000 
 386 05dc 53706963 		.ascii	"Spiced Rum\000"
 386      65642052 
 386      756D00
 387 05e7 00000000 		.space	39
 387      00000000 
 387      00000000 
 387      00000000 
 387      00000000 
 388 060e 53707269 		.ascii	"Sprite\000"
 388      746500
 389 0615 00000000 		.space	43
 389      00000000 
 389      00000000 
 389      00000000 
 389      00000000 
 390 0640 54657175 		.ascii	"Tequila\000"
 390      696C6100 
 391 0648 00000000 		.space	42
 391      00000000 
 391      00000000 
 391      00000000 
 391      00000000 
 392 0672 546F6E69 		.ascii	"Tonic\000"
 392      6300
 393 0678 00000000 		.space	44
 393      00000000 
 393      00000000 
 393      00000000 
 393      00000000 
 394 06a4 54726970 		.ascii	"Triple Sec\000"
 394      6C652053 
 394      656300
ARM GAS  C:\Users\mark6\AppData\Local\Temp\cck94tIo.s 			page 13


 395 06af 00000000 		.space	39
 395      00000000 
 395      00000000 
 395      00000000 
 395      00000000 
 396 06d6 566F646B 		.ascii	"Vodka\000"
 396      6100
 397 06dc 00000000 		.space	44
 397      00000000 
 397      00000000 
 397      00000000 
 397      00000000 
 398 0708 57686973 		.ascii	"Whiskey\000"
 398      6B657900 
 399 0710 00000000 		.space	42
 399      00000000 
 399      00000000 
 399      00000000 
 399      00000000 
 400 073a 57686974 		.ascii	"White Claw\000"
 400      6520436C 
 400      617700
 401 0745 00000000 		.space	39
 401      00000000 
 401      00000000 
 401      00000000 
 401      00000000 
 402 076c 57686974 		.ascii	"White Rum\000"
 402      65205275 
 402      6D00
 403 0776 00000000 		.space	40
 403      00000000 
 403      00000000 
 403      00000000 
 403      00000000 
 404 079e 0000     		.section	.rodata.str1.4,"aMS",%progbits,1
 405              		.align	2
 406              	.LC10:
 407 0000 444B4520 		.ascii	"DKE Special\000"
 407      53706563 
 407      69616C00 
 408              	.LC11:
 409 000c 47696E20 		.ascii	"Gin & Tonic\000"
 409      2620546F 
 409      6E696300 
 410              	.LC12:
 411 0018 48617261 		.ascii	"Harabedian Special\000"
 411      62656469 
 411      616E2053 
 411      70656369 
 411      616C00
 412 002b 00       		.space	1
 413              	.LC13:
 414 002c 49736C61 		.ascii	"Island Special\000"
 414      6E642053 
 414      70656369 
 414      616C00
ARM GAS  C:\Users\mark6\AppData\Local\Temp\cck94tIo.s 			page 14


 415 003b 00       		.space	1
 416              	.LC14:
 417 003c 50696E61 		.ascii	"Pina Colada\000"
 417      20436F6C 
 417      61646100 
 418              	.LC15:
 419 0048 52656420 		.ascii	"Red Bull Vodka\000"
 419      42756C6C 
 419      20566F64 
 419      6B6100
 420 0057 00       		.space	1
 421              	.LC16:
 422 0058 53637265 		.ascii	"Screwdriver\000"
 422      77647269 
 422      76657200 
 423              		.text
 424              	.Letext0:
 425              		.file 2 "c:\\program files (x86)\\cypress\\psoc creator\\3.3\\psoc creator\\import\\gnu\\arm\\4.9.
 426              		.file 3 "c:\\program files (x86)\\cypress\\psoc creator\\3.3\\psoc creator\\import\\gnu\\arm\\4.9.
 427              		.file 4 "c:\\program files (x86)\\cypress\\psoc creator\\3.3\\psoc creator\\import\\gnu\\arm\\4.9.
 428              		.file 5 ".\\drinks.h"
 429              		.file 6 "Generated_Source\\PSoC5/core_cm3.h"
 430              		.file 7 "c:\\program files (x86)\\cypress\\psoc creator\\3.3\\psoc creator\\import\\gnu\\arm\\4.9.
 431              		.file 8 "c:\\program files (x86)\\cypress\\psoc creator\\3.3\\psoc creator\\import\\gnu\\arm\\4.9.
 432              		.section	.debug_info,"",%progbits
 433              	.Ldebug_info0:
 434 0000 44060000 		.4byte	0x644
 435 0004 0400     		.2byte	0x4
 436 0006 00000000 		.4byte	.Ldebug_abbrev0
 437 000a 04       		.byte	0x4
 438 000b 01       		.uleb128 0x1
 439 000c 24030000 		.4byte	.LASF88
 440 0010 01       		.byte	0x1
 441 0011 E9000000 		.4byte	.LASF89
 442 0015 00000000 		.4byte	.LASF90
 443 0019 00000000 		.4byte	.Ldebug_ranges0+0
 444 001d 00000000 		.4byte	0
 445 0021 00000000 		.4byte	.Ldebug_line0
 446 0025 02       		.uleb128 0x2
 447 0026 01       		.byte	0x1
 448 0027 06       		.byte	0x6
 449 0028 58020000 		.4byte	.LASF0
 450 002c 02       		.uleb128 0x2
 451 002d 01       		.byte	0x1
 452 002e 08       		.byte	0x8
 453 002f F2010000 		.4byte	.LASF1
 454 0033 02       		.uleb128 0x2
 455 0034 02       		.byte	0x2
 456 0035 05       		.byte	0x5
 457 0036 93000000 		.4byte	.LASF2
 458 003a 02       		.uleb128 0x2
 459 003b 02       		.byte	0x2
 460 003c 07       		.byte	0x7
 461 003d D6020000 		.4byte	.LASF3
 462 0041 03       		.uleb128 0x3
 463 0042 8D040000 		.4byte	.LASF9
 464 0046 02       		.byte	0x2
ARM GAS  C:\Users\mark6\AppData\Local\Temp\cck94tIo.s 			page 15


 465 0047 3F       		.byte	0x3f
 466 0048 4C000000 		.4byte	0x4c
 467 004c 02       		.uleb128 0x2
 468 004d 04       		.byte	0x4
 469 004e 05       		.byte	0x5
 470 004f A1010000 		.4byte	.LASF4
 471 0053 02       		.uleb128 0x2
 472 0054 04       		.byte	0x4
 473 0055 07       		.byte	0x7
 474 0056 16040000 		.4byte	.LASF5
 475 005a 02       		.uleb128 0x2
 476 005b 08       		.byte	0x8
 477 005c 05       		.byte	0x5
 478 005d C1000000 		.4byte	.LASF6
 479 0061 02       		.uleb128 0x2
 480 0062 08       		.byte	0x8
 481 0063 07       		.byte	0x7
 482 0064 77020000 		.4byte	.LASF7
 483 0068 04       		.uleb128 0x4
 484 0069 04       		.byte	0x4
 485 006a 05       		.byte	0x5
 486 006b 696E7400 		.ascii	"int\000"
 487 006f 02       		.uleb128 0x2
 488 0070 04       		.byte	0x4
 489 0071 07       		.byte	0x7
 490 0072 93020000 		.4byte	.LASF8
 491 0076 03       		.uleb128 0x3
 492 0077 B6010000 		.4byte	.LASF10
 493 007b 03       		.byte	0x3
 494 007c 2C       		.byte	0x2c
 495 007d 41000000 		.4byte	0x41
 496 0081 02       		.uleb128 0x2
 497 0082 04       		.byte	0x4
 498 0083 04       		.byte	0x4
 499 0084 67010000 		.4byte	.LASF11
 500 0088 02       		.uleb128 0x2
 501 0089 08       		.byte	0x8
 502 008a 04       		.byte	0x4
 503 008b 2D040000 		.4byte	.LASF12
 504 008f 02       		.uleb128 0x2
 505 0090 01       		.byte	0x1
 506 0091 08       		.byte	0x8
 507 0092 8D010000 		.4byte	.LASF13
 508 0096 03       		.uleb128 0x3
 509 0097 9D000000 		.4byte	.LASF14
 510 009b 04       		.byte	0x4
 511 009c D4       		.byte	0xd4
 512 009d 6F000000 		.4byte	0x6f
 513 00a1 02       		.uleb128 0x2
 514 00a2 04       		.byte	0x4
 515 00a3 07       		.byte	0x7
 516 00a4 AB040000 		.4byte	.LASF15
 517 00a8 05       		.uleb128 0x5
 518 00a9 04       		.byte	0x4
 519 00aa 06       		.uleb128 0x6
 520 00ab 04       		.byte	0x4
 521 00ac 8F000000 		.4byte	0x8f
ARM GAS  C:\Users\mark6\AppData\Local\Temp\cck94tIo.s 			page 16


 522 00b0 06       		.uleb128 0x6
 523 00b1 04       		.byte	0x4
 524 00b2 B6000000 		.4byte	0xb6
 525 00b6 07       		.uleb128 0x7
 526 00b7 8F000000 		.4byte	0x8f
 527 00bb 08       		.uleb128 0x8
 528 00bc B2000000 		.4byte	.LASF91
 529 00c0 01       		.byte	0x1
 530 00c1 05       		.byte	0x5
 531 00c2 15       		.byte	0x15
 532 00c3 B2010000 		.4byte	0x1b2
 533 00c7 09       		.uleb128 0x9
 534 00c8 A0020000 		.4byte	.LASF16
 535 00cc 00       		.sleb128 0
 536 00cd 09       		.uleb128 0x9
 537 00ce 8A000000 		.4byte	.LASF17
 538 00d2 01       		.sleb128 1
 539 00d3 09       		.uleb128 0x9
 540 00d4 09010000 		.4byte	.LASF18
 541 00d8 02       		.sleb128 2
 542 00d9 09       		.uleb128 0x9
 543 00da E0000000 		.4byte	.LASF19
 544 00de 03       		.sleb128 3
 545 00df 09       		.uleb128 0x9
 546 00e0 8E020000 		.4byte	.LASF20
 547 00e4 04       		.sleb128 4
 548 00e5 09       		.uleb128 0x9
 549 00e6 76000000 		.4byte	.LASF21
 550 00ea 05       		.sleb128 5
 551 00eb 09       		.uleb128 0x9
 552 00ec 53040000 		.4byte	.LASF22
 553 00f0 06       		.sleb128 6
 554 00f1 09       		.uleb128 0x9
 555 00f2 74010000 		.4byte	.LASF23
 556 00f6 07       		.sleb128 7
 557 00f7 09       		.uleb128 0x9
 558 00f8 97040000 		.4byte	.LASF24
 559 00fc 08       		.sleb128 8
 560 00fd 09       		.uleb128 0x9
 561 00fe 44040000 		.4byte	.LASF25
 562 0102 09       		.sleb128 9
 563 0103 09       		.uleb128 0x9
 564 0104 C5030000 		.4byte	.LASF26
 565 0108 0A       		.sleb128 10
 566 0109 09       		.uleb128 0x9
 567 010a 51020000 		.4byte	.LASF27
 568 010e 0B       		.sleb128 11
 569 010f 09       		.uleb128 0x9
 570 0110 E8010000 		.4byte	.LASF28
 571 0114 0C       		.sleb128 12
 572 0115 09       		.uleb128 0x9
 573 0116 F9020000 		.4byte	.LASF29
 574 011a 0D       		.sleb128 13
 575 011b 0A       		.uleb128 0xa
 576 011c 47494E00 		.ascii	"GIN\000"
 577 0120 0E       		.sleb128 14
 578 0121 09       		.uleb128 0x9
ARM GAS  C:\Users\mark6\AppData\Local\Temp\cck94tIo.s 			page 17


 579 0122 82010000 		.4byte	.LASF30
 580 0126 0F       		.sleb128 15
 581 0127 09       		.uleb128 0x9
 582 0128 D3040000 		.4byte	.LASF31
 583 012c 10       		.sleb128 16
 584 012d 09       		.uleb128 0x9
 585 012e 3B040000 		.4byte	.LASF32
 586 0132 11       		.sleb128 17
 587 0133 09       		.uleb128 0x9
 588 0134 9C040000 		.4byte	.LASF33
 589 0138 12       		.sleb128 18
 590 0139 09       		.uleb128 0x9
 591 013a F4000000 		.4byte	.LASF34
 592 013e 13       		.sleb128 19
 593 013f 09       		.uleb128 0x9
 594 0140 02030000 		.4byte	.LASF35
 595 0144 14       		.sleb128 20
 596 0145 09       		.uleb128 0x9
 597 0146 28040000 		.4byte	.LASF36
 598 014a 15       		.sleb128 21
 599 014b 09       		.uleb128 0x9
 600 014c 02040000 		.4byte	.LASF37
 601 0150 16       		.sleb128 22
 602 0151 09       		.uleb128 0x9
 603 0152 C2020000 		.4byte	.LASF38
 604 0156 17       		.sleb128 23
 605 0157 09       		.uleb128 0x9
 606 0158 64020000 		.4byte	.LASF39
 607 015c 18       		.sleb128 24
 608 015d 09       		.uleb128 0x9
 609 015e 58000000 		.4byte	.LASF40
 610 0162 19       		.sleb128 25
 611 0163 09       		.uleb128 0x9
 612 0164 92010000 		.4byte	.LASF41
 613 0168 1A       		.sleb128 26
 614 0169 09       		.uleb128 0x9
 615 016a 45020000 		.4byte	.LASF42
 616 016e 1B       		.sleb128 27
 617 016f 09       		.uleb128 0x9
 618 0170 0E040000 		.4byte	.LASF43
 619 0174 1C       		.sleb128 28
 620 0175 09       		.uleb128 0x9
 621 0176 11020000 		.4byte	.LASF44
 622 017a 1D       		.sleb128 29
 623 017b 09       		.uleb128 0x9
 624 017c 66000000 		.4byte	.LASF45
 625 0180 1E       		.sleb128 30
 626 0181 09       		.uleb128 0x9
 627 0182 60010000 		.4byte	.LASF46
 628 0186 1F       		.sleb128 31
 629 0187 09       		.uleb128 0x9
 630 0188 B2030000 		.4byte	.LASF47
 631 018c 20       		.sleb128 32
 632 018d 09       		.uleb128 0x9
 633 018e ED030000 		.4byte	.LASF48
 634 0192 21       		.sleb128 33
 635 0193 09       		.uleb128 0x9
ARM GAS  C:\Users\mark6\AppData\Local\Temp\cck94tIo.s 			page 18


 636 0194 2A050000 		.4byte	.LASF49
 637 0198 22       		.sleb128 34
 638 0199 09       		.uleb128 0x9
 639 019a 84000000 		.4byte	.LASF50
 640 019e 23       		.sleb128 35
 641 019f 09       		.uleb128 0x9
 642 01a0 0F030000 		.4byte	.LASF51
 643 01a4 24       		.sleb128 36
 644 01a5 09       		.uleb128 0x9
 645 01a6 F9040000 		.4byte	.LASF52
 646 01aa 25       		.sleb128 37
 647 01ab 09       		.uleb128 0x9
 648 01ac 0E050000 		.4byte	.LASF53
 649 01b0 26       		.sleb128 38
 650 01b1 00       		.byte	0
 651 01b2 03       		.uleb128 0x3
 652 01b3 2B010000 		.4byte	.LASF54
 653 01b7 05       		.byte	0x5
 654 01b8 15       		.byte	0x15
 655 01b9 BB000000 		.4byte	0xbb
 656 01bd 0B       		.uleb128 0xb
 657 01be 05020000 		.4byte	.LASF58
 658 01c2 08       		.byte	0x8
 659 01c3 05       		.byte	0x5
 660 01c4 17       		.byte	0x17
 661 01c5 E2010000 		.4byte	0x1e2
 662 01c9 0C       		.uleb128 0xc
 663 01ca 34040000 		.4byte	.LASF55
 664 01ce 05       		.byte	0x5
 665 01cf 18       		.byte	0x18
 666 01d0 B2010000 		.4byte	0x1b2
 667 01d4 00       		.byte	0
 668 01d5 0C       		.uleb128 0xc
 669 01d6 DA040000 		.4byte	.LASF56
 670 01da 05       		.byte	0x5
 671 01db 19       		.byte	0x19
 672 01dc 68000000 		.4byte	0x68
 673 01e0 04       		.byte	0x4
 674 01e1 00       		.byte	0
 675 01e2 03       		.uleb128 0x3
 676 01e3 03050000 		.4byte	.LASF57
 677 01e7 05       		.byte	0x5
 678 01e8 1A       		.byte	0x1a
 679 01e9 BD010000 		.4byte	0x1bd
 680 01ed 0B       		.uleb128 0xb
 681 01ee 6D010000 		.4byte	.LASF59
 682 01f2 3C       		.byte	0x3c
 683 01f3 05       		.byte	0x5
 684 01f4 1C       		.byte	0x1c
 685 01f5 1E020000 		.4byte	0x21e
 686 01f9 0C       		.uleb128 0xc
 687 01fa 00020000 		.4byte	.LASF60
 688 01fe 05       		.byte	0x5
 689 01ff 1D       		.byte	0x1d
 690 0200 1E020000 		.4byte	0x21e
 691 0204 00       		.byte	0
 692 0205 0C       		.uleb128 0xc
ARM GAS  C:\Users\mark6\AppData\Local\Temp\cck94tIo.s 			page 19


 693 0206 AA010000 		.4byte	.LASF61
 694 020a 05       		.byte	0x5
 695 020b 1E       		.byte	0x1e
 696 020c 2E020000 		.4byte	0x22e
 697 0210 34       		.byte	0x34
 698 0211 0C       		.uleb128 0xc
 699 0212 E9020000 		.4byte	.LASF62
 700 0216 05       		.byte	0x5
 701 0217 1F       		.byte	0x1f
 702 0218 68000000 		.4byte	0x68
 703 021c 38       		.byte	0x38
 704 021d 00       		.byte	0
 705 021e 0D       		.uleb128 0xd
 706 021f 8F000000 		.4byte	0x8f
 707 0223 2E020000 		.4byte	0x22e
 708 0227 0E       		.uleb128 0xe
 709 0228 A1000000 		.4byte	0xa1
 710 022c 31       		.byte	0x31
 711 022d 00       		.byte	0
 712 022e 06       		.uleb128 0x6
 713 022f 04       		.byte	0x4
 714 0230 34020000 		.4byte	0x234
 715 0234 06       		.uleb128 0x6
 716 0235 04       		.byte	0x4
 717 0236 E2010000 		.4byte	0x1e2
 718 023a 03       		.uleb128 0x3
 719 023b 70000000 		.4byte	.LASF63
 720 023f 05       		.byte	0x5
 721 0240 20       		.byte	0x20
 722 0241 ED010000 		.4byte	0x1ed
 723 0245 0F       		.uleb128 0xf
 724 0246 C1040000 		.4byte	.LASF64
 725 024a 01       		.byte	0x1
 726 024b 12       		.byte	0x12
 727 024c 34020000 		.4byte	0x234
 728 0250 00000000 		.4byte	.LFB63
 729 0254 12000000 		.4byte	.LFE63-.LFB63
 730 0258 01       		.uleb128 0x1
 731 0259 9C       		.byte	0x9c
 732 025a 99020000 		.4byte	0x299
 733 025e 10       		.uleb128 0x10
 734 025f 34040000 		.4byte	.LASF55
 735 0263 01       		.byte	0x1
 736 0264 12       		.byte	0x12
 737 0265 B2010000 		.4byte	0x1b2
 738 0269 00000000 		.4byte	.LLST0
 739 026d 10       		.uleb128 0x10
 740 026e DA040000 		.4byte	.LASF56
 741 0272 01       		.byte	0x1
 742 0273 12       		.byte	0x12
 743 0274 68000000 		.4byte	0x68
 744 0278 21000000 		.4byte	.LLST1
 745 027c 11       		.uleb128 0x11
 746 027d F3030000 		.4byte	.LASF68
 747 0281 01       		.byte	0x1
 748 0282 13       		.byte	0x13
 749 0283 34020000 		.4byte	0x234
ARM GAS  C:\Users\mark6\AppData\Local\Temp\cck94tIo.s 			page 20


 750 0287 01       		.uleb128 0x1
 751 0288 50       		.byte	0x50
 752 0289 12       		.uleb128 0x12
 753 028a 0C000000 		.4byte	.LVL2
 754 028e 1C060000 		.4byte	0x61c
 755 0292 13       		.uleb128 0x13
 756 0293 01       		.uleb128 0x1
 757 0294 50       		.byte	0x50
 758 0295 01       		.uleb128 0x1
 759 0296 38       		.byte	0x38
 760 0297 00       		.byte	0
 761 0298 00       		.byte	0
 762 0299 0F       		.uleb128 0xf
 763 029a B4040000 		.4byte	.LASF65
 764 029e 01       		.byte	0x1
 765 029f 25       		.byte	0x25
 766 02a0 58030000 		.4byte	0x358
 767 02a4 00000000 		.4byte	.LFB64
 768 02a8 46000000 		.4byte	.LFE64-.LFB64
 769 02ac 01       		.uleb128 0x1
 770 02ad 9C       		.byte	0x9c
 771 02ae 58030000 		.4byte	0x358
 772 02b2 10       		.uleb128 0x10
 773 02b3 00020000 		.4byte	.LASF60
 774 02b7 01       		.byte	0x1
 775 02b8 25       		.byte	0x25
 776 02b9 AA000000 		.4byte	0xaa
 777 02bd 3F000000 		.4byte	.LLST2
 778 02c1 10       		.uleb128 0x10
 779 02c2 7A010000 		.4byte	.LASF66
 780 02c6 01       		.byte	0x1
 781 02c7 25       		.byte	0x25
 782 02c8 5E030000 		.4byte	0x35e
 783 02cc 6B000000 		.4byte	.LLST3
 784 02d0 10       		.uleb128 0x10
 785 02d1 01010000 		.4byte	.LASF67
 786 02d5 01       		.byte	0x1
 787 02d6 25       		.byte	0x25
 788 02d7 64030000 		.4byte	0x364
 789 02db 89000000 		.4byte	.LLST4
 790 02df 10       		.uleb128 0x10
 791 02e0 E9020000 		.4byte	.LASF62
 792 02e4 01       		.byte	0x1
 793 02e5 25       		.byte	0x25
 794 02e6 68000000 		.4byte	0x68
 795 02ea A7000000 		.4byte	.LLST5
 796 02ee 14       		.uleb128 0x14
 797 02ef 25010000 		.4byte	.LASF69
 798 02f3 01       		.byte	0x1
 799 02f4 26       		.byte	0x26
 800 02f5 58030000 		.4byte	0x358
 801 02f9 C5000000 		.4byte	.LLST6
 802 02fd 15       		.uleb128 0x15
 803 02fe 6900     		.ascii	"i\000"
 804 0300 01       		.byte	0x1
 805 0301 2B       		.byte	0x2b
 806 0302 68000000 		.4byte	0x68
ARM GAS  C:\Users\mark6\AppData\Local\Temp\cck94tIo.s 			page 21


 807 0306 E3000000 		.4byte	.LLST7
 808 030a 16       		.uleb128 0x16
 809 030b 12000000 		.4byte	.LVL5
 810 030f 1C060000 		.4byte	0x61c
 811 0313 1E030000 		.4byte	0x31e
 812 0317 13       		.uleb128 0x13
 813 0318 01       		.uleb128 0x1
 814 0319 50       		.byte	0x50
 815 031a 02       		.uleb128 0x2
 816 031b 08       		.byte	0x8
 817 031c 3C       		.byte	0x3c
 818 031d 00       		.byte	0
 819 031e 16       		.uleb128 0x16
 820 031f 1A000000 		.4byte	.LVL7
 821 0323 31060000 		.4byte	0x631
 822 0327 38030000 		.4byte	0x338
 823 032b 13       		.uleb128 0x13
 824 032c 01       		.uleb128 0x1
 825 032d 51       		.byte	0x51
 826 032e 02       		.uleb128 0x2
 827 032f 74       		.byte	0x74
 828 0330 00       		.sleb128 0
 829 0331 13       		.uleb128 0x13
 830 0332 01       		.uleb128 0x1
 831 0333 50       		.byte	0x50
 832 0334 02       		.uleb128 0x2
 833 0335 76       		.byte	0x76
 834 0336 00       		.sleb128 0
 835 0337 00       		.byte	0
 836 0338 16       		.uleb128 0x16
 837 0339 22000000 		.4byte	.LVL8
 838 033d 1C060000 		.4byte	0x61c
 839 0341 4E030000 		.4byte	0x34e
 840 0345 13       		.uleb128 0x13
 841 0346 01       		.uleb128 0x1
 842 0347 50       		.byte	0x50
 843 0348 04       		.uleb128 0x4
 844 0349 77       		.byte	0x77
 845 034a 00       		.sleb128 0
 846 034b 32       		.byte	0x32
 847 034c 24       		.byte	0x24
 848 034d 00       		.byte	0
 849 034e 17       		.uleb128 0x17
 850 034f 36000000 		.4byte	.LVL12
 851 0353 45020000 		.4byte	0x245
 852 0357 00       		.byte	0
 853 0358 06       		.uleb128 0x6
 854 0359 04       		.byte	0x4
 855 035a 3A020000 		.4byte	0x23a
 856 035e 06       		.uleb128 0x6
 857 035f 04       		.byte	0x4
 858 0360 B2010000 		.4byte	0x1b2
 859 0364 06       		.uleb128 0x6
 860 0365 04       		.byte	0x4
 861 0366 68000000 		.4byte	0x68
 862 036a 18       		.uleb128 0x18
 863 036b 32010000 		.4byte	.LASF92
ARM GAS  C:\Users\mark6\AppData\Local\Temp\cck94tIo.s 			page 22


 864 036f 01       		.byte	0x1
 865 0370 33       		.byte	0x33
 866 0371 88050000 		.4byte	0x588
 867 0375 00000000 		.4byte	.LFB65
 868 0379 04010000 		.4byte	.LFE65-.LFB65
 869 037d 01       		.uleb128 0x1
 870 037e 9C       		.byte	0x9c
 871 037f 88050000 		.4byte	0x588
 872 0383 14       		.uleb128 0x14
 873 0384 AB000000 		.4byte	.LASF70
 874 0388 01       		.byte	0x1
 875 0389 35       		.byte	0x35
 876 038a 88050000 		.4byte	0x588
 877 038e 02010000 		.4byte	.LLST8
 878 0392 11       		.uleb128 0x11
 879 0393 D1010000 		.4byte	.LASF71
 880 0397 01       		.byte	0x1
 881 0398 37       		.byte	0x37
 882 0399 8E050000 		.4byte	0x58e
 883 039d 02       		.uleb128 0x2
 884 039e 91       		.byte	0x91
 885 039f 6C       		.sleb128 -20
 886 03a0 11       		.uleb128 0x11
 887 03a1 BE010000 		.4byte	.LASF72
 888 03a5 01       		.byte	0x1
 889 03a6 38       		.byte	0x38
 890 03a7 9E050000 		.4byte	0x59e
 891 03ab 02       		.uleb128 0x2
 892 03ac 91       		.byte	0x91
 893 03ad 68       		.sleb128 -24
 894 03ae 11       		.uleb128 0x11
 895 03af 30020000 		.4byte	.LASF73
 896 03b3 01       		.byte	0x1
 897 03b4 3B       		.byte	0x3b
 898 03b5 AE050000 		.4byte	0x5ae
 899 03b9 02       		.uleb128 0x2
 900 03ba 91       		.byte	0x91
 901 03bb 64       		.sleb128 -28
 902 03bc 11       		.uleb128 0x11
 903 03bd CF000000 		.4byte	.LASF74
 904 03c1 01       		.byte	0x1
 905 03c2 3C       		.byte	0x3c
 906 03c3 BE050000 		.4byte	0x5be
 907 03c7 02       		.uleb128 0x2
 908 03c8 91       		.byte	0x91
 909 03c9 5C       		.sleb128 -36
 910 03ca 11       		.uleb128 0x11
 911 03cb 42010000 		.4byte	.LASF75
 912 03cf 01       		.byte	0x1
 913 03d0 3F       		.byte	0x3f
 914 03d1 AE050000 		.4byte	0x5ae
 915 03d5 02       		.uleb128 0x2
 916 03d6 91       		.byte	0x91
 917 03d7 58       		.sleb128 -40
 918 03d8 11       		.uleb128 0x11
 919 03d9 A8020000 		.4byte	.LASF76
 920 03dd 01       		.byte	0x1
ARM GAS  C:\Users\mark6\AppData\Local\Temp\cck94tIo.s 			page 23


 921 03de 40       		.byte	0x40
 922 03df BE050000 		.4byte	0x5be
 923 03e3 02       		.uleb128 0x2
 924 03e4 91       		.byte	0x91
 925 03e5 50       		.sleb128 -48
 926 03e6 11       		.uleb128 0x11
 927 03e7 5D040000 		.4byte	.LASF77
 928 03eb 01       		.byte	0x1
 929 03ec 43       		.byte	0x43
 930 03ed 8E050000 		.4byte	0x58e
 931 03f1 02       		.uleb128 0x2
 932 03f2 91       		.byte	0x91
 933 03f3 4C       		.sleb128 -52
 934 03f4 11       		.uleb128 0x11
 935 03f5 77040000 		.4byte	.LASF78
 936 03f9 01       		.byte	0x1
 937 03fa 44       		.byte	0x44
 938 03fb 9E050000 		.4byte	0x59e
 939 03ff 02       		.uleb128 0x2
 940 0400 91       		.byte	0x91
 941 0401 48       		.sleb128 -56
 942 0402 11       		.uleb128 0x11
 943 0403 19020000 		.4byte	.LASF79
 944 0407 01       		.byte	0x1
 945 0408 47       		.byte	0x47
 946 0409 AE050000 		.4byte	0x5ae
 947 040d 02       		.uleb128 0x2
 948 040e 91       		.byte	0x91
 949 040f 44       		.sleb128 -60
 950 0410 11       		.uleb128 0x11
 951 0411 17050000 		.4byte	.LASF80
 952 0415 01       		.byte	0x1
 953 0416 48       		.byte	0x48
 954 0417 BE050000 		.4byte	0x5be
 955 041b 03       		.uleb128 0x3
 956 041c 91       		.byte	0x91
 957 041d BC7F     		.sleb128 -68
 958 041f 11       		.uleb128 0x11
 959 0420 D4030000 		.4byte	.LASF81
 960 0424 01       		.byte	0x1
 961 0425 4B       		.byte	0x4b
 962 0426 AE050000 		.4byte	0x5ae
 963 042a 03       		.uleb128 0x3
 964 042b 91       		.byte	0x91
 965 042c B87F     		.sleb128 -72
 966 042e 11       		.uleb128 0x11
 967 042f 43000000 		.4byte	.LASF82
 968 0433 01       		.byte	0x1
 969 0434 4C       		.byte	0x4c
 970 0435 BE050000 		.4byte	0x5be
 971 0439 03       		.uleb128 0x3
 972 043a 91       		.byte	0x91
 973 043b B07F     		.sleb128 -80
 974 043d 11       		.uleb128 0x11
 975 043e E1040000 		.4byte	.LASF83
 976 0442 01       		.byte	0x1
 977 0443 4F       		.byte	0x4f
ARM GAS  C:\Users\mark6\AppData\Local\Temp\cck94tIo.s 			page 24


 978 0444 AE050000 		.4byte	0x5ae
 979 0448 03       		.uleb128 0x3
 980 0449 91       		.byte	0x91
 981 044a AC7F     		.sleb128 -84
 982 044c 11       		.uleb128 0x11
 983 044d 11010000 		.4byte	.LASF84
 984 0451 01       		.byte	0x1
 985 0452 50       		.byte	0x50
 986 0453 BE050000 		.4byte	0x5be
 987 0457 03       		.uleb128 0x3
 988 0458 91       		.byte	0x91
 989 0459 A47F     		.sleb128 -92
 990 045b 16       		.uleb128 0x16
 991 045c 0A000000 		.4byte	.LVL14
 992 0460 1C060000 		.4byte	0x61c
 993 0464 6E040000 		.4byte	0x46e
 994 0468 13       		.uleb128 0x13
 995 0469 01       		.uleb128 0x1
 996 046a 50       		.byte	0x50
 997 046b 01       		.uleb128 0x1
 998 046c 4C       		.byte	0x4c
 999 046d 00       		.byte	0
 1000 046e 16       		.uleb128 0x16
 1001 046f 22000000 		.4byte	.LVL17
 1002 0473 99020000 		.4byte	0x299
 1003 0477 96040000 		.4byte	0x496
 1004 047b 13       		.uleb128 0x13
 1005 047c 01       		.uleb128 0x1
 1006 047d 53       		.byte	0x53
 1007 047e 01       		.uleb128 0x1
 1008 047f 31       		.byte	0x31
 1009 0480 13       		.uleb128 0x13
 1010 0481 01       		.uleb128 0x1
 1011 0482 52       		.byte	0x52
 1012 0483 02       		.uleb128 0x2
 1013 0484 91       		.byte	0x91
 1014 0485 68       		.sleb128 -24
 1015 0486 13       		.uleb128 0x13
 1016 0487 01       		.uleb128 0x1
 1017 0488 51       		.byte	0x51
 1018 0489 02       		.uleb128 0x2
 1019 048a 91       		.byte	0x91
 1020 048b 6C       		.sleb128 -20
 1021 048c 13       		.uleb128 0x13
 1022 048d 01       		.uleb128 0x1
 1023 048e 50       		.byte	0x50
 1024 048f 05       		.uleb128 0x5
 1025 0490 03       		.byte	0x3
 1026 0491 00000000 		.4byte	.LC10
 1027 0495 00       		.byte	0
 1028 0496 16       		.uleb128 0x16
 1029 0497 44000000 		.4byte	.LVL18
 1030 049b 99020000 		.4byte	0x299
 1031 049f BE040000 		.4byte	0x4be
 1032 04a3 13       		.uleb128 0x13
 1033 04a4 01       		.uleb128 0x1
 1034 04a5 53       		.byte	0x53
ARM GAS  C:\Users\mark6\AppData\Local\Temp\cck94tIo.s 			page 25


 1035 04a6 01       		.uleb128 0x1
 1036 04a7 32       		.byte	0x32
 1037 04a8 13       		.uleb128 0x13
 1038 04a9 01       		.uleb128 0x1
 1039 04aa 52       		.byte	0x52
 1040 04ab 02       		.uleb128 0x2
 1041 04ac 91       		.byte	0x91
 1042 04ad 5C       		.sleb128 -36
 1043 04ae 13       		.uleb128 0x13
 1044 04af 01       		.uleb128 0x1
 1045 04b0 51       		.byte	0x51
 1046 04b1 02       		.uleb128 0x2
 1047 04b2 91       		.byte	0x91
 1048 04b3 64       		.sleb128 -28
 1049 04b4 13       		.uleb128 0x13
 1050 04b5 01       		.uleb128 0x1
 1051 04b6 50       		.byte	0x50
 1052 04b7 05       		.uleb128 0x5
 1053 04b8 03       		.byte	0x3
 1054 04b9 0C000000 		.4byte	.LC11
 1055 04bd 00       		.byte	0
 1056 04be 16       		.uleb128 0x16
 1057 04bf 64000000 		.4byte	.LVL19
 1058 04c3 99020000 		.4byte	0x299
 1059 04c7 E6040000 		.4byte	0x4e6
 1060 04cb 13       		.uleb128 0x13
 1061 04cc 01       		.uleb128 0x1
 1062 04cd 53       		.byte	0x53
 1063 04ce 01       		.uleb128 0x1
 1064 04cf 32       		.byte	0x32
 1065 04d0 13       		.uleb128 0x13
 1066 04d1 01       		.uleb128 0x1
 1067 04d2 52       		.byte	0x52
 1068 04d3 02       		.uleb128 0x2
 1069 04d4 91       		.byte	0x91
 1070 04d5 50       		.sleb128 -48
 1071 04d6 13       		.uleb128 0x13
 1072 04d7 01       		.uleb128 0x1
 1073 04d8 51       		.byte	0x51
 1074 04d9 02       		.uleb128 0x2
 1075 04da 91       		.byte	0x91
 1076 04db 58       		.sleb128 -40
 1077 04dc 13       		.uleb128 0x13
 1078 04dd 01       		.uleb128 0x1
 1079 04de 50       		.byte	0x50
 1080 04df 05       		.uleb128 0x5
 1081 04e0 03       		.byte	0x3
 1082 04e1 18000000 		.4byte	.LC12
 1083 04e5 00       		.byte	0
 1084 04e6 16       		.uleb128 0x16
 1085 04e7 7C000000 		.4byte	.LVL20
 1086 04eb 99020000 		.4byte	0x299
 1087 04ef 0E050000 		.4byte	0x50e
 1088 04f3 13       		.uleb128 0x13
 1089 04f4 01       		.uleb128 0x1
 1090 04f5 53       		.byte	0x53
 1091 04f6 01       		.uleb128 0x1
ARM GAS  C:\Users\mark6\AppData\Local\Temp\cck94tIo.s 			page 26


 1092 04f7 31       		.byte	0x31
 1093 04f8 13       		.uleb128 0x13
 1094 04f9 01       		.uleb128 0x1
 1095 04fa 52       		.byte	0x52
 1096 04fb 02       		.uleb128 0x2
 1097 04fc 91       		.byte	0x91
 1098 04fd 48       		.sleb128 -56
 1099 04fe 13       		.uleb128 0x13
 1100 04ff 01       		.uleb128 0x1
 1101 0500 51       		.byte	0x51
 1102 0501 02       		.uleb128 0x2
 1103 0502 91       		.byte	0x91
 1104 0503 4C       		.sleb128 -52
 1105 0504 13       		.uleb128 0x13
 1106 0505 01       		.uleb128 0x1
 1107 0506 50       		.byte	0x50
 1108 0507 05       		.uleb128 0x5
 1109 0508 03       		.byte	0x3
 1110 0509 2C000000 		.4byte	.LC13
 1111 050d 00       		.byte	0
 1112 050e 16       		.uleb128 0x16
 1113 050f 9C000000 		.4byte	.LVL21
 1114 0513 99020000 		.4byte	0x299
 1115 0517 37050000 		.4byte	0x537
 1116 051b 13       		.uleb128 0x13
 1117 051c 01       		.uleb128 0x1
 1118 051d 53       		.byte	0x53
 1119 051e 01       		.uleb128 0x1
 1120 051f 32       		.byte	0x32
 1121 0520 13       		.uleb128 0x13
 1122 0521 01       		.uleb128 0x1
 1123 0522 52       		.byte	0x52
 1124 0523 03       		.uleb128 0x3
 1125 0524 91       		.byte	0x91
 1126 0525 BC7F     		.sleb128 -68
 1127 0527 13       		.uleb128 0x13
 1128 0528 01       		.uleb128 0x1
 1129 0529 51       		.byte	0x51
 1130 052a 02       		.uleb128 0x2
 1131 052b 91       		.byte	0x91
 1132 052c 44       		.sleb128 -60
 1133 052d 13       		.uleb128 0x13
 1134 052e 01       		.uleb128 0x1
 1135 052f 50       		.byte	0x50
 1136 0530 05       		.uleb128 0x5
 1137 0531 03       		.byte	0x3
 1138 0532 3C000000 		.4byte	.LC14
 1139 0536 00       		.byte	0
 1140 0537 16       		.uleb128 0x16
 1141 0538 BC000000 		.4byte	.LVL22
 1142 053c 99020000 		.4byte	0x299
 1143 0540 61050000 		.4byte	0x561
 1144 0544 13       		.uleb128 0x13
 1145 0545 01       		.uleb128 0x1
 1146 0546 53       		.byte	0x53
 1147 0547 01       		.uleb128 0x1
 1148 0548 32       		.byte	0x32
ARM GAS  C:\Users\mark6\AppData\Local\Temp\cck94tIo.s 			page 27


 1149 0549 13       		.uleb128 0x13
 1150 054a 01       		.uleb128 0x1
 1151 054b 52       		.byte	0x52
 1152 054c 03       		.uleb128 0x3
 1153 054d 91       		.byte	0x91
 1154 054e B07F     		.sleb128 -80
 1155 0550 13       		.uleb128 0x13
 1156 0551 01       		.uleb128 0x1
 1157 0552 51       		.byte	0x51
 1158 0553 03       		.uleb128 0x3
 1159 0554 91       		.byte	0x91
 1160 0555 B87F     		.sleb128 -72
 1161 0557 13       		.uleb128 0x13
 1162 0558 01       		.uleb128 0x1
 1163 0559 50       		.byte	0x50
 1164 055a 05       		.uleb128 0x5
 1165 055b 03       		.byte	0x3
 1166 055c 48000000 		.4byte	.LC15
 1167 0560 00       		.byte	0
 1168 0561 12       		.uleb128 0x12
 1169 0562 DA000000 		.4byte	.LVL23
 1170 0566 99020000 		.4byte	0x299
 1171 056a 13       		.uleb128 0x13
 1172 056b 01       		.uleb128 0x1
 1173 056c 53       		.byte	0x53
 1174 056d 01       		.uleb128 0x1
 1175 056e 32       		.byte	0x32
 1176 056f 13       		.uleb128 0x13
 1177 0570 01       		.uleb128 0x1
 1178 0571 52       		.byte	0x52
 1179 0572 03       		.uleb128 0x3
 1180 0573 91       		.byte	0x91
 1181 0574 A47F     		.sleb128 -92
 1182 0576 13       		.uleb128 0x13
 1183 0577 01       		.uleb128 0x1
 1184 0578 51       		.byte	0x51
 1185 0579 03       		.uleb128 0x3
 1186 057a 91       		.byte	0x91
 1187 057b AC7F     		.sleb128 -84
 1188 057d 13       		.uleb128 0x13
 1189 057e 01       		.uleb128 0x1
 1190 057f 50       		.byte	0x50
 1191 0580 05       		.uleb128 0x5
 1192 0581 03       		.byte	0x3
 1193 0582 58000000 		.4byte	.LC16
 1194 0586 00       		.byte	0
 1195 0587 00       		.byte	0
 1196 0588 06       		.uleb128 0x6
 1197 0589 04       		.byte	0x4
 1198 058a 58030000 		.4byte	0x358
 1199 058e 0D       		.uleb128 0xd
 1200 058f B2010000 		.4byte	0x1b2
 1201 0593 9E050000 		.4byte	0x59e
 1202 0597 0E       		.uleb128 0xe
 1203 0598 A1000000 		.4byte	0xa1
 1204 059c 00       		.byte	0
 1205 059d 00       		.byte	0
ARM GAS  C:\Users\mark6\AppData\Local\Temp\cck94tIo.s 			page 28


 1206 059e 0D       		.uleb128 0xd
 1207 059f 68000000 		.4byte	0x68
 1208 05a3 AE050000 		.4byte	0x5ae
 1209 05a7 0E       		.uleb128 0xe
 1210 05a8 A1000000 		.4byte	0xa1
 1211 05ac 00       		.byte	0
 1212 05ad 00       		.byte	0
 1213 05ae 0D       		.uleb128 0xd
 1214 05af B2010000 		.4byte	0x1b2
 1215 05b3 BE050000 		.4byte	0x5be
 1216 05b7 0E       		.uleb128 0xe
 1217 05b8 A1000000 		.4byte	0xa1
 1218 05bc 01       		.byte	0x1
 1219 05bd 00       		.byte	0
 1220 05be 0D       		.uleb128 0xd
 1221 05bf 68000000 		.4byte	0x68
 1222 05c3 CE050000 		.4byte	0x5ce
 1223 05c7 0E       		.uleb128 0xe
 1224 05c8 A1000000 		.4byte	0xa1
 1225 05cc 01       		.byte	0x1
 1226 05cd 00       		.byte	0
 1227 05ce 19       		.uleb128 0x19
 1228 05cf 17030000 		.4byte	.LASF85
 1229 05d3 06       		.byte	0x6
 1230 05d4 9606     		.2byte	0x696
 1231 05d6 DA050000 		.4byte	0x5da
 1232 05da 1A       		.uleb128 0x1a
 1233 05db 76000000 		.4byte	0x76
 1234 05df 0D       		.uleb128 0xd
 1235 05e0 8F000000 		.4byte	0x8f
 1236 05e4 F5050000 		.4byte	0x5f5
 1237 05e8 0E       		.uleb128 0xe
 1238 05e9 A1000000 		.4byte	0xa1
 1239 05ed 26       		.byte	0x26
 1240 05ee 0E       		.uleb128 0xe
 1241 05ef A1000000 		.4byte	0xa1
 1242 05f3 31       		.byte	0x31
 1243 05f4 00       		.byte	0
 1244 05f5 1B       		.uleb128 0x1b
 1245 05f6 A3040000 		.4byte	.LASF86
 1246 05fa 01       		.byte	0x1
 1247 05fb 10       		.byte	0x10
 1248 05fc DF050000 		.4byte	0x5df
 1249 0600 05       		.uleb128 0x5
 1250 0601 03       		.byte	0x3
 1251 0602 00000000 		.4byte	Liquids
 1252 0606 1B       		.uleb128 0x1b
 1253 0607 BA030000 		.4byte	.LASF87
 1254 060b 01       		.byte	0x1
 1255 060c 0F       		.byte	0xf
 1256 060d 17060000 		.4byte	0x617
 1257 0611 05       		.uleb128 0x5
 1258 0612 03       		.byte	0x3
 1259 0613 00000000 		.4byte	NUM_DRINKS
 1260 0617 07       		.uleb128 0x7
 1261 0618 68000000 		.4byte	0x68
 1262 061c 1C       		.uleb128 0x1c
ARM GAS  C:\Users\mark6\AppData\Local\Temp\cck94tIo.s 			page 29


 1263 061d A4000000 		.4byte	.LASF93
 1264 0621 07       		.byte	0x7
 1265 0622 61       		.byte	0x61
 1266 0623 A8000000 		.4byte	0xa8
 1267 0627 31060000 		.4byte	0x631
 1268 062b 1D       		.uleb128 0x1d
 1269 062c 96000000 		.4byte	0x96
 1270 0630 00       		.byte	0
 1271 0631 1E       		.uleb128 0x1e
 1272 0632 CD030000 		.4byte	.LASF94
 1273 0636 08       		.byte	0x8
 1274 0637 1E       		.byte	0x1e
 1275 0638 AA000000 		.4byte	0xaa
 1276 063c 1D       		.uleb128 0x1d
 1277 063d AA000000 		.4byte	0xaa
 1278 0641 1D       		.uleb128 0x1d
 1279 0642 B0000000 		.4byte	0xb0
 1280 0646 00       		.byte	0
 1281 0647 00       		.byte	0
 1282              		.section	.debug_abbrev,"",%progbits
 1283              	.Ldebug_abbrev0:
 1284 0000 01       		.uleb128 0x1
 1285 0001 11       		.uleb128 0x11
 1286 0002 01       		.byte	0x1
 1287 0003 25       		.uleb128 0x25
 1288 0004 0E       		.uleb128 0xe
 1289 0005 13       		.uleb128 0x13
 1290 0006 0B       		.uleb128 0xb
 1291 0007 03       		.uleb128 0x3
 1292 0008 0E       		.uleb128 0xe
 1293 0009 1B       		.uleb128 0x1b
 1294 000a 0E       		.uleb128 0xe
 1295 000b 55       		.uleb128 0x55
 1296 000c 17       		.uleb128 0x17
 1297 000d 11       		.uleb128 0x11
 1298 000e 01       		.uleb128 0x1
 1299 000f 10       		.uleb128 0x10
 1300 0010 17       		.uleb128 0x17
 1301 0011 00       		.byte	0
 1302 0012 00       		.byte	0
 1303 0013 02       		.uleb128 0x2
 1304 0014 24       		.uleb128 0x24
 1305 0015 00       		.byte	0
 1306 0016 0B       		.uleb128 0xb
 1307 0017 0B       		.uleb128 0xb
 1308 0018 3E       		.uleb128 0x3e
 1309 0019 0B       		.uleb128 0xb
 1310 001a 03       		.uleb128 0x3
 1311 001b 0E       		.uleb128 0xe
 1312 001c 00       		.byte	0
 1313 001d 00       		.byte	0
 1314 001e 03       		.uleb128 0x3
 1315 001f 16       		.uleb128 0x16
 1316 0020 00       		.byte	0
 1317 0021 03       		.uleb128 0x3
 1318 0022 0E       		.uleb128 0xe
 1319 0023 3A       		.uleb128 0x3a
ARM GAS  C:\Users\mark6\AppData\Local\Temp\cck94tIo.s 			page 30


 1320 0024 0B       		.uleb128 0xb
 1321 0025 3B       		.uleb128 0x3b
 1322 0026 0B       		.uleb128 0xb
 1323 0027 49       		.uleb128 0x49
 1324 0028 13       		.uleb128 0x13
 1325 0029 00       		.byte	0
 1326 002a 00       		.byte	0
 1327 002b 04       		.uleb128 0x4
 1328 002c 24       		.uleb128 0x24
 1329 002d 00       		.byte	0
 1330 002e 0B       		.uleb128 0xb
 1331 002f 0B       		.uleb128 0xb
 1332 0030 3E       		.uleb128 0x3e
 1333 0031 0B       		.uleb128 0xb
 1334 0032 03       		.uleb128 0x3
 1335 0033 08       		.uleb128 0x8
 1336 0034 00       		.byte	0
 1337 0035 00       		.byte	0
 1338 0036 05       		.uleb128 0x5
 1339 0037 0F       		.uleb128 0xf
 1340 0038 00       		.byte	0
 1341 0039 0B       		.uleb128 0xb
 1342 003a 0B       		.uleb128 0xb
 1343 003b 00       		.byte	0
 1344 003c 00       		.byte	0
 1345 003d 06       		.uleb128 0x6
 1346 003e 0F       		.uleb128 0xf
 1347 003f 00       		.byte	0
 1348 0040 0B       		.uleb128 0xb
 1349 0041 0B       		.uleb128 0xb
 1350 0042 49       		.uleb128 0x49
 1351 0043 13       		.uleb128 0x13
 1352 0044 00       		.byte	0
 1353 0045 00       		.byte	0
 1354 0046 07       		.uleb128 0x7
 1355 0047 26       		.uleb128 0x26
 1356 0048 00       		.byte	0
 1357 0049 49       		.uleb128 0x49
 1358 004a 13       		.uleb128 0x13
 1359 004b 00       		.byte	0
 1360 004c 00       		.byte	0
 1361 004d 08       		.uleb128 0x8
 1362 004e 04       		.uleb128 0x4
 1363 004f 01       		.byte	0x1
 1364 0050 03       		.uleb128 0x3
 1365 0051 0E       		.uleb128 0xe
 1366 0052 0B       		.uleb128 0xb
 1367 0053 0B       		.uleb128 0xb
 1368 0054 3A       		.uleb128 0x3a
 1369 0055 0B       		.uleb128 0xb
 1370 0056 3B       		.uleb128 0x3b
 1371 0057 0B       		.uleb128 0xb
 1372 0058 01       		.uleb128 0x1
 1373 0059 13       		.uleb128 0x13
 1374 005a 00       		.byte	0
 1375 005b 00       		.byte	0
 1376 005c 09       		.uleb128 0x9
ARM GAS  C:\Users\mark6\AppData\Local\Temp\cck94tIo.s 			page 31


 1377 005d 28       		.uleb128 0x28
 1378 005e 00       		.byte	0
 1379 005f 03       		.uleb128 0x3
 1380 0060 0E       		.uleb128 0xe
 1381 0061 1C       		.uleb128 0x1c
 1382 0062 0D       		.uleb128 0xd
 1383 0063 00       		.byte	0
 1384 0064 00       		.byte	0
 1385 0065 0A       		.uleb128 0xa
 1386 0066 28       		.uleb128 0x28
 1387 0067 00       		.byte	0
 1388 0068 03       		.uleb128 0x3
 1389 0069 08       		.uleb128 0x8
 1390 006a 1C       		.uleb128 0x1c
 1391 006b 0D       		.uleb128 0xd
 1392 006c 00       		.byte	0
 1393 006d 00       		.byte	0
 1394 006e 0B       		.uleb128 0xb
 1395 006f 13       		.uleb128 0x13
 1396 0070 01       		.byte	0x1
 1397 0071 03       		.uleb128 0x3
 1398 0072 0E       		.uleb128 0xe
 1399 0073 0B       		.uleb128 0xb
 1400 0074 0B       		.uleb128 0xb
 1401 0075 3A       		.uleb128 0x3a
 1402 0076 0B       		.uleb128 0xb
 1403 0077 3B       		.uleb128 0x3b
 1404 0078 0B       		.uleb128 0xb
 1405 0079 01       		.uleb128 0x1
 1406 007a 13       		.uleb128 0x13
 1407 007b 00       		.byte	0
 1408 007c 00       		.byte	0
 1409 007d 0C       		.uleb128 0xc
 1410 007e 0D       		.uleb128 0xd
 1411 007f 00       		.byte	0
 1412 0080 03       		.uleb128 0x3
 1413 0081 0E       		.uleb128 0xe
 1414 0082 3A       		.uleb128 0x3a
 1415 0083 0B       		.uleb128 0xb
 1416 0084 3B       		.uleb128 0x3b
 1417 0085 0B       		.uleb128 0xb
 1418 0086 49       		.uleb128 0x49
 1419 0087 13       		.uleb128 0x13
 1420 0088 38       		.uleb128 0x38
 1421 0089 0B       		.uleb128 0xb
 1422 008a 00       		.byte	0
 1423 008b 00       		.byte	0
 1424 008c 0D       		.uleb128 0xd
 1425 008d 01       		.uleb128 0x1
 1426 008e 01       		.byte	0x1
 1427 008f 49       		.uleb128 0x49
 1428 0090 13       		.uleb128 0x13
 1429 0091 01       		.uleb128 0x1
 1430 0092 13       		.uleb128 0x13
 1431 0093 00       		.byte	0
 1432 0094 00       		.byte	0
 1433 0095 0E       		.uleb128 0xe
ARM GAS  C:\Users\mark6\AppData\Local\Temp\cck94tIo.s 			page 32


 1434 0096 21       		.uleb128 0x21
 1435 0097 00       		.byte	0
 1436 0098 49       		.uleb128 0x49
 1437 0099 13       		.uleb128 0x13
 1438 009a 2F       		.uleb128 0x2f
 1439 009b 0B       		.uleb128 0xb
 1440 009c 00       		.byte	0
 1441 009d 00       		.byte	0
 1442 009e 0F       		.uleb128 0xf
 1443 009f 2E       		.uleb128 0x2e
 1444 00a0 01       		.byte	0x1
 1445 00a1 3F       		.uleb128 0x3f
 1446 00a2 19       		.uleb128 0x19
 1447 00a3 03       		.uleb128 0x3
 1448 00a4 0E       		.uleb128 0xe
 1449 00a5 3A       		.uleb128 0x3a
 1450 00a6 0B       		.uleb128 0xb
 1451 00a7 3B       		.uleb128 0x3b
 1452 00a8 0B       		.uleb128 0xb
 1453 00a9 27       		.uleb128 0x27
 1454 00aa 19       		.uleb128 0x19
 1455 00ab 49       		.uleb128 0x49
 1456 00ac 13       		.uleb128 0x13
 1457 00ad 11       		.uleb128 0x11
 1458 00ae 01       		.uleb128 0x1
 1459 00af 12       		.uleb128 0x12
 1460 00b0 06       		.uleb128 0x6
 1461 00b1 40       		.uleb128 0x40
 1462 00b2 18       		.uleb128 0x18
 1463 00b3 9742     		.uleb128 0x2117
 1464 00b5 19       		.uleb128 0x19
 1465 00b6 01       		.uleb128 0x1
 1466 00b7 13       		.uleb128 0x13
 1467 00b8 00       		.byte	0
 1468 00b9 00       		.byte	0
 1469 00ba 10       		.uleb128 0x10
 1470 00bb 05       		.uleb128 0x5
 1471 00bc 00       		.byte	0
 1472 00bd 03       		.uleb128 0x3
 1473 00be 0E       		.uleb128 0xe
 1474 00bf 3A       		.uleb128 0x3a
 1475 00c0 0B       		.uleb128 0xb
 1476 00c1 3B       		.uleb128 0x3b
 1477 00c2 0B       		.uleb128 0xb
 1478 00c3 49       		.uleb128 0x49
 1479 00c4 13       		.uleb128 0x13
 1480 00c5 02       		.uleb128 0x2
 1481 00c6 17       		.uleb128 0x17
 1482 00c7 00       		.byte	0
 1483 00c8 00       		.byte	0
 1484 00c9 11       		.uleb128 0x11
 1485 00ca 34       		.uleb128 0x34
 1486 00cb 00       		.byte	0
 1487 00cc 03       		.uleb128 0x3
 1488 00cd 0E       		.uleb128 0xe
 1489 00ce 3A       		.uleb128 0x3a
 1490 00cf 0B       		.uleb128 0xb
ARM GAS  C:\Users\mark6\AppData\Local\Temp\cck94tIo.s 			page 33


 1491 00d0 3B       		.uleb128 0x3b
 1492 00d1 0B       		.uleb128 0xb
 1493 00d2 49       		.uleb128 0x49
 1494 00d3 13       		.uleb128 0x13
 1495 00d4 02       		.uleb128 0x2
 1496 00d5 18       		.uleb128 0x18
 1497 00d6 00       		.byte	0
 1498 00d7 00       		.byte	0
 1499 00d8 12       		.uleb128 0x12
 1500 00d9 898201   		.uleb128 0x4109
 1501 00dc 01       		.byte	0x1
 1502 00dd 11       		.uleb128 0x11
 1503 00de 01       		.uleb128 0x1
 1504 00df 31       		.uleb128 0x31
 1505 00e0 13       		.uleb128 0x13
 1506 00e1 00       		.byte	0
 1507 00e2 00       		.byte	0
 1508 00e3 13       		.uleb128 0x13
 1509 00e4 8A8201   		.uleb128 0x410a
 1510 00e7 00       		.byte	0
 1511 00e8 02       		.uleb128 0x2
 1512 00e9 18       		.uleb128 0x18
 1513 00ea 9142     		.uleb128 0x2111
 1514 00ec 18       		.uleb128 0x18
 1515 00ed 00       		.byte	0
 1516 00ee 00       		.byte	0
 1517 00ef 14       		.uleb128 0x14
 1518 00f0 34       		.uleb128 0x34
 1519 00f1 00       		.byte	0
 1520 00f2 03       		.uleb128 0x3
 1521 00f3 0E       		.uleb128 0xe
 1522 00f4 3A       		.uleb128 0x3a
 1523 00f5 0B       		.uleb128 0xb
 1524 00f6 3B       		.uleb128 0x3b
 1525 00f7 0B       		.uleb128 0xb
 1526 00f8 49       		.uleb128 0x49
 1527 00f9 13       		.uleb128 0x13
 1528 00fa 02       		.uleb128 0x2
 1529 00fb 17       		.uleb128 0x17
 1530 00fc 00       		.byte	0
 1531 00fd 00       		.byte	0
 1532 00fe 15       		.uleb128 0x15
 1533 00ff 34       		.uleb128 0x34
 1534 0100 00       		.byte	0
 1535 0101 03       		.uleb128 0x3
 1536 0102 08       		.uleb128 0x8
 1537 0103 3A       		.uleb128 0x3a
 1538 0104 0B       		.uleb128 0xb
 1539 0105 3B       		.uleb128 0x3b
 1540 0106 0B       		.uleb128 0xb
 1541 0107 49       		.uleb128 0x49
 1542 0108 13       		.uleb128 0x13
 1543 0109 02       		.uleb128 0x2
 1544 010a 17       		.uleb128 0x17
 1545 010b 00       		.byte	0
 1546 010c 00       		.byte	0
 1547 010d 16       		.uleb128 0x16
ARM GAS  C:\Users\mark6\AppData\Local\Temp\cck94tIo.s 			page 34


 1548 010e 898201   		.uleb128 0x4109
 1549 0111 01       		.byte	0x1
 1550 0112 11       		.uleb128 0x11
 1551 0113 01       		.uleb128 0x1
 1552 0114 31       		.uleb128 0x31
 1553 0115 13       		.uleb128 0x13
 1554 0116 01       		.uleb128 0x1
 1555 0117 13       		.uleb128 0x13
 1556 0118 00       		.byte	0
 1557 0119 00       		.byte	0
 1558 011a 17       		.uleb128 0x17
 1559 011b 898201   		.uleb128 0x4109
 1560 011e 00       		.byte	0
 1561 011f 11       		.uleb128 0x11
 1562 0120 01       		.uleb128 0x1
 1563 0121 31       		.uleb128 0x31
 1564 0122 13       		.uleb128 0x13
 1565 0123 00       		.byte	0
 1566 0124 00       		.byte	0
 1567 0125 18       		.uleb128 0x18
 1568 0126 2E       		.uleb128 0x2e
 1569 0127 01       		.byte	0x1
 1570 0128 3F       		.uleb128 0x3f
 1571 0129 19       		.uleb128 0x19
 1572 012a 03       		.uleb128 0x3
 1573 012b 0E       		.uleb128 0xe
 1574 012c 3A       		.uleb128 0x3a
 1575 012d 0B       		.uleb128 0xb
 1576 012e 3B       		.uleb128 0x3b
 1577 012f 0B       		.uleb128 0xb
 1578 0130 49       		.uleb128 0x49
 1579 0131 13       		.uleb128 0x13
 1580 0132 11       		.uleb128 0x11
 1581 0133 01       		.uleb128 0x1
 1582 0134 12       		.uleb128 0x12
 1583 0135 06       		.uleb128 0x6
 1584 0136 40       		.uleb128 0x40
 1585 0137 18       		.uleb128 0x18
 1586 0138 9742     		.uleb128 0x2117
 1587 013a 19       		.uleb128 0x19
 1588 013b 01       		.uleb128 0x1
 1589 013c 13       		.uleb128 0x13
 1590 013d 00       		.byte	0
 1591 013e 00       		.byte	0
 1592 013f 19       		.uleb128 0x19
 1593 0140 34       		.uleb128 0x34
 1594 0141 00       		.byte	0
 1595 0142 03       		.uleb128 0x3
 1596 0143 0E       		.uleb128 0xe
 1597 0144 3A       		.uleb128 0x3a
 1598 0145 0B       		.uleb128 0xb
 1599 0146 3B       		.uleb128 0x3b
 1600 0147 05       		.uleb128 0x5
 1601 0148 49       		.uleb128 0x49
 1602 0149 13       		.uleb128 0x13
 1603 014a 3F       		.uleb128 0x3f
 1604 014b 19       		.uleb128 0x19
ARM GAS  C:\Users\mark6\AppData\Local\Temp\cck94tIo.s 			page 35


 1605 014c 3C       		.uleb128 0x3c
 1606 014d 19       		.uleb128 0x19
 1607 014e 00       		.byte	0
 1608 014f 00       		.byte	0
 1609 0150 1A       		.uleb128 0x1a
 1610 0151 35       		.uleb128 0x35
 1611 0152 00       		.byte	0
 1612 0153 49       		.uleb128 0x49
 1613 0154 13       		.uleb128 0x13
 1614 0155 00       		.byte	0
 1615 0156 00       		.byte	0
 1616 0157 1B       		.uleb128 0x1b
 1617 0158 34       		.uleb128 0x34
 1618 0159 00       		.byte	0
 1619 015a 03       		.uleb128 0x3
 1620 015b 0E       		.uleb128 0xe
 1621 015c 3A       		.uleb128 0x3a
 1622 015d 0B       		.uleb128 0xb
 1623 015e 3B       		.uleb128 0x3b
 1624 015f 0B       		.uleb128 0xb
 1625 0160 49       		.uleb128 0x49
 1626 0161 13       		.uleb128 0x13
 1627 0162 3F       		.uleb128 0x3f
 1628 0163 19       		.uleb128 0x19
 1629 0164 02       		.uleb128 0x2
 1630 0165 18       		.uleb128 0x18
 1631 0166 00       		.byte	0
 1632 0167 00       		.byte	0
 1633 0168 1C       		.uleb128 0x1c
 1634 0169 2E       		.uleb128 0x2e
 1635 016a 01       		.byte	0x1
 1636 016b 3F       		.uleb128 0x3f
 1637 016c 19       		.uleb128 0x19
 1638 016d 03       		.uleb128 0x3
 1639 016e 0E       		.uleb128 0xe
 1640 016f 3A       		.uleb128 0x3a
 1641 0170 0B       		.uleb128 0xb
 1642 0171 3B       		.uleb128 0x3b
 1643 0172 0B       		.uleb128 0xb
 1644 0173 27       		.uleb128 0x27
 1645 0174 19       		.uleb128 0x19
 1646 0175 49       		.uleb128 0x49
 1647 0176 13       		.uleb128 0x13
 1648 0177 3C       		.uleb128 0x3c
 1649 0178 19       		.uleb128 0x19
 1650 0179 01       		.uleb128 0x1
 1651 017a 13       		.uleb128 0x13
 1652 017b 00       		.byte	0
 1653 017c 00       		.byte	0
 1654 017d 1D       		.uleb128 0x1d
 1655 017e 05       		.uleb128 0x5
 1656 017f 00       		.byte	0
 1657 0180 49       		.uleb128 0x49
 1658 0181 13       		.uleb128 0x13
 1659 0182 00       		.byte	0
 1660 0183 00       		.byte	0
 1661 0184 1E       		.uleb128 0x1e
ARM GAS  C:\Users\mark6\AppData\Local\Temp\cck94tIo.s 			page 36


 1662 0185 2E       		.uleb128 0x2e
 1663 0186 01       		.byte	0x1
 1664 0187 3F       		.uleb128 0x3f
 1665 0188 19       		.uleb128 0x19
 1666 0189 03       		.uleb128 0x3
 1667 018a 0E       		.uleb128 0xe
 1668 018b 3A       		.uleb128 0x3a
 1669 018c 0B       		.uleb128 0xb
 1670 018d 3B       		.uleb128 0x3b
 1671 018e 0B       		.uleb128 0xb
 1672 018f 27       		.uleb128 0x27
 1673 0190 19       		.uleb128 0x19
 1674 0191 49       		.uleb128 0x49
 1675 0192 13       		.uleb128 0x13
 1676 0193 3C       		.uleb128 0x3c
 1677 0194 19       		.uleb128 0x19
 1678 0195 00       		.byte	0
 1679 0196 00       		.byte	0
 1680 0197 00       		.byte	0
 1681              		.section	.debug_loc,"",%progbits
 1682              	.Ldebug_loc0:
 1683              	.LLST0:
 1684 0000 00000000 		.4byte	.LVL0
 1685 0004 08000000 		.4byte	.LVL1
 1686 0008 0100     		.2byte	0x1
 1687 000a 50       		.byte	0x50
 1688 000b 08000000 		.4byte	.LVL1
 1689 000f 12000000 		.4byte	.LFE63
 1690 0013 0400     		.2byte	0x4
 1691 0015 F3       		.byte	0xf3
 1692 0016 01       		.uleb128 0x1
 1693 0017 50       		.byte	0x50
 1694 0018 9F       		.byte	0x9f
 1695 0019 00000000 		.4byte	0
 1696 001d 00000000 		.4byte	0
 1697              	.LLST1:
 1698 0021 00000000 		.4byte	.LVL0
 1699 0025 0B000000 		.4byte	.LVL2-1
 1700 0029 0100     		.2byte	0x1
 1701 002b 51       		.byte	0x51
 1702 002c 0B000000 		.4byte	.LVL2-1
 1703 0030 12000000 		.4byte	.LFE63
 1704 0034 0100     		.2byte	0x1
 1705 0036 54       		.byte	0x54
 1706 0037 00000000 		.4byte	0
 1707 003b 00000000 		.4byte	0
 1708              	.LLST2:
 1709 003f 00000000 		.4byte	.LVL3
 1710 0043 0E000000 		.4byte	.LVL4
 1711 0047 0100     		.2byte	0x1
 1712 0049 50       		.byte	0x50
 1713 004a 0E000000 		.4byte	.LVL4
 1714 004e 26000000 		.4byte	.LVL10
 1715 0052 0100     		.2byte	0x1
 1716 0054 54       		.byte	0x54
 1717 0055 26000000 		.4byte	.LVL10
 1718 0059 46000000 		.4byte	.LFE64
ARM GAS  C:\Users\mark6\AppData\Local\Temp\cck94tIo.s 			page 37


 1719 005d 0400     		.2byte	0x4
 1720 005f F3       		.byte	0xf3
 1721 0060 01       		.uleb128 0x1
 1722 0061 50       		.byte	0x50
 1723 0062 9F       		.byte	0x9f
 1724 0063 00000000 		.4byte	0
 1725 0067 00000000 		.4byte	0
 1726              	.LLST3:
 1727 006b 00000000 		.4byte	.LVL3
 1728 006f 11000000 		.4byte	.LVL5-1
 1729 0073 0100     		.2byte	0x1
 1730 0075 51       		.byte	0x51
 1731 0076 11000000 		.4byte	.LVL5-1
 1732 007a 46000000 		.4byte	.LFE64
 1733 007e 0100     		.2byte	0x1
 1734 0080 59       		.byte	0x59
 1735 0081 00000000 		.4byte	0
 1736 0085 00000000 		.4byte	0
 1737              	.LLST4:
 1738 0089 00000000 		.4byte	.LVL3
 1739 008d 11000000 		.4byte	.LVL5-1
 1740 0091 0100     		.2byte	0x1
 1741 0093 52       		.byte	0x52
 1742 0094 11000000 		.4byte	.LVL5-1
 1743 0098 46000000 		.4byte	.LFE64
 1744 009c 0100     		.2byte	0x1
 1745 009e 58       		.byte	0x58
 1746 009f 00000000 		.4byte	0
 1747 00a3 00000000 		.4byte	0
 1748              	.LLST5:
 1749 00a7 00000000 		.4byte	.LVL3
 1750 00ab 11000000 		.4byte	.LVL5-1
 1751 00af 0100     		.2byte	0x1
 1752 00b1 53       		.byte	0x53
 1753 00b2 11000000 		.4byte	.LVL5-1
 1754 00b6 46000000 		.4byte	.LFE64
 1755 00ba 0100     		.2byte	0x1
 1756 00bc 57       		.byte	0x57
 1757 00bd 00000000 		.4byte	0
 1758 00c1 00000000 		.4byte	0
 1759              	.LLST6:
 1760 00c5 14000000 		.4byte	.LVL6
 1761 00c9 19000000 		.4byte	.LVL7-1
 1762 00cd 0100     		.2byte	0x1
 1763 00cf 50       		.byte	0x50
 1764 00d0 19000000 		.4byte	.LVL7-1
 1765 00d4 46000000 		.4byte	.LFE64
 1766 00d8 0100     		.2byte	0x1
 1767 00da 56       		.byte	0x56
 1768 00db 00000000 		.4byte	0
 1769 00df 00000000 		.4byte	0
 1770              	.LLST7:
 1771 00e3 24000000 		.4byte	.LVL9
 1772 00e7 28000000 		.4byte	.LVL11
 1773 00eb 0200     		.2byte	0x2
 1774 00ed 30       		.byte	0x30
 1775 00ee 9F       		.byte	0x9f
ARM GAS  C:\Users\mark6\AppData\Local\Temp\cck94tIo.s 			page 38


 1776 00ef 28000000 		.4byte	.LVL11
 1777 00f3 46000000 		.4byte	.LFE64
 1778 00f7 0100     		.2byte	0x1
 1779 00f9 54       		.byte	0x54
 1780 00fa 00000000 		.4byte	0
 1781 00fe 00000000 		.4byte	0
 1782              	.LLST8:
 1783 0102 0C000000 		.4byte	.LVL15
 1784 0106 18000000 		.4byte	.LVL16
 1785 010a 0100     		.2byte	0x1
 1786 010c 50       		.byte	0x50
 1787 010d 18000000 		.4byte	.LVL16
 1788 0111 E2000000 		.4byte	.LVL24
 1789 0115 0100     		.2byte	0x1
 1790 0117 55       		.byte	0x55
 1791 0118 E2000000 		.4byte	.LVL24
 1792 011c 04010000 		.4byte	.LFE65
 1793 0120 0100     		.2byte	0x1
 1794 0122 50       		.byte	0x50
 1795 0123 00000000 		.4byte	0
 1796 0127 00000000 		.4byte	0
 1797              		.section	.debug_aranges,"",%progbits
 1798 0000 2C000000 		.4byte	0x2c
 1799 0004 0200     		.2byte	0x2
 1800 0006 00000000 		.4byte	.Ldebug_info0
 1801 000a 04       		.byte	0x4
 1802 000b 00       		.byte	0
 1803 000c 0000     		.2byte	0
 1804 000e 0000     		.2byte	0
 1805 0010 00000000 		.4byte	.LFB63
 1806 0014 12000000 		.4byte	.LFE63-.LFB63
 1807 0018 00000000 		.4byte	.LFB64
 1808 001c 46000000 		.4byte	.LFE64-.LFB64
 1809 0020 00000000 		.4byte	.LFB65
 1810 0024 04010000 		.4byte	.LFE65-.LFB65
 1811 0028 00000000 		.4byte	0
 1812 002c 00000000 		.4byte	0
 1813              		.section	.debug_ranges,"",%progbits
 1814              	.Ldebug_ranges0:
 1815 0000 00000000 		.4byte	.LFB63
 1816 0004 12000000 		.4byte	.LFE63
 1817 0008 00000000 		.4byte	.LFB64
 1818 000c 46000000 		.4byte	.LFE64
 1819 0010 00000000 		.4byte	.LFB65
 1820 0014 04010000 		.4byte	.LFE65
 1821 0018 00000000 		.4byte	0
 1822 001c 00000000 		.4byte	0
 1823              		.section	.debug_line,"",%progbits
 1824              	.Ldebug_line0:
 1825 0000 4B020000 		.section	.debug_str,"MS",%progbits,1
 1825      0200E601 
 1825      00000201 
 1825      FB0E0D00 
 1825      01010101 
 1826              	.LASF90:
 1827 0000 433A5C55 		.ascii	"C:\\Users\\mark6\\Google Drive\\Projects\\BarBot\\B"
 1827      73657273 
ARM GAS  C:\Users\mark6\AppData\Local\Temp\cck94tIo.s 			page 39


 1827      5C6D6172 
 1827      6B365C47 
 1827      6F6F676C 
 1828 002d 6172426F 		.ascii	"arBot\\Bartender.cydsn\000"
 1828      745C4261 
 1828      7274656E 
 1828      6465722E 
 1828      63796473 
 1829              	.LASF82:
 1830 0043 52656442 		.ascii	"RedBullVodka_Amounts\000"
 1830      756C6C56 
 1830      6F646B61 
 1830      5F416D6F 
 1830      756E7473 
 1831              	.LASF40:
 1832 0058 50494E41 		.ascii	"PINACOLADAMIX\000"
 1832      434F4C41 
 1832      44414D49 
 1832      5800
 1833              	.LASF45:
 1834 0066 53504943 		.ascii	"SPICEDRUM\000"
 1834      45445255 
 1834      4D00
 1835              	.LASF63:
 1836 0070 4472696E 		.ascii	"Drink\000"
 1836      6B00
 1837              	.LASF21:
 1838 0076 424C4F4F 		.ascii	"BLOODYMARYMIX\000"
 1838      44594D41 
 1838      52594D49 
 1838      5800
 1839              	.LASF50:
 1840 0084 564F444B 		.ascii	"VODKA\000"
 1840      4100
 1841              	.LASF17:
 1842 008a 41425349 		.ascii	"ABSINTHE\000"
 1842      4E544845 
 1842      00
 1843              	.LASF2:
 1844 0093 73686F72 		.ascii	"short int\000"
 1844      7420696E 
 1844      7400
 1845              	.LASF14:
 1846 009d 73697A65 		.ascii	"size_t\000"
 1846      5F7400
 1847              	.LASF93:
 1848 00a4 6D616C6C 		.ascii	"malloc\000"
 1848      6F6300
 1849              	.LASF70:
 1850 00ab 6472696E 		.ascii	"drinks\000"
 1850      6B7300
 1851              	.LASF91:
 1852 00b2 416C635F 		.ascii	"Alc_and_Mixies\000"
 1852      616E645F 
 1852      4D697869 
 1852      657300
 1853              	.LASF6:
ARM GAS  C:\Users\mark6\AppData\Local\Temp\cck94tIo.s 			page 40


 1854 00c1 6C6F6E67 		.ascii	"long long int\000"
 1854      206C6F6E 
 1854      6720696E 
 1854      7400
 1855              	.LASF74:
 1856 00cf 47696E54 		.ascii	"GinTonic_Amounts\000"
 1856      6F6E6963 
 1856      5F416D6F 
 1856      756E7473 
 1856      00
 1857              	.LASF19:
 1858 00e0 42415245 		.ascii	"BAREFOOT\000"
 1858      464F4F54 
 1858      00
 1859              	.LASF89:
 1860 00e9 2E5C6472 		.ascii	".\\drinks.c\000"
 1860      696E6B73 
 1860      2E6300
 1861              	.LASF34:
 1862 00f4 4D415247 		.ascii	"MARGARITAMIX\000"
 1862      41524954 
 1862      414D4958 
 1862      00
 1863              	.LASF67:
 1864 0101 616D6F75 		.ascii	"amounts\000"
 1864      6E747300 
 1865              	.LASF18:
 1866 0109 4241494C 		.ascii	"BAILEYS\000"
 1866      45595300 
 1867              	.LASF84:
 1868 0111 53637265 		.ascii	"Screwdriver_Amounts\000"
 1868      77647269 
 1868      7665725F 
 1868      416D6F75 
 1868      6E747300 
 1869              	.LASF69:
 1870 0125 6472696E 		.ascii	"drink\000"
 1870      6B00
 1871              	.LASF54:
 1872 012b 4C697175 		.ascii	"Liquid\000"
 1872      696400
 1873              	.LASF92:
 1874 0132 67656E65 		.ascii	"generate_drinks\000"
 1874      72617465 
 1874      5F647269 
 1874      6E6B7300 
 1875              	.LASF75:
 1876 0142 48617261 		.ascii	"HarabedianSpecial_Ingredients\000"
 1876      62656469 
 1876      616E5370 
 1876      65636961 
 1876      6C5F496E 
 1877              	.LASF46:
 1878 0160 53505249 		.ascii	"SPRITE\000"
 1878      544500
 1879              	.LASF11:
 1880 0167 666C6F61 		.ascii	"float\000"
ARM GAS  C:\Users\mark6\AppData\Local\Temp\cck94tIo.s 			page 41


 1880      7400
 1881              	.LASF59:
 1882 016d 4472696E 		.ascii	"Drinks\000"
 1882      6B7300
 1883              	.LASF23:
 1884 0174 43494445 		.ascii	"CIDER\000"
 1884      5200
 1885              	.LASF66:
 1886 017a 6C697175 		.ascii	"liquids\000"
 1886      69647300 
 1887              	.LASF30:
 1888 0182 47494E47 		.ascii	"GINGERBEER\000"
 1888      45524245 
 1888      455200
 1889              	.LASF13:
 1890 018d 63686172 		.ascii	"char\000"
 1890      00
 1891              	.LASF41:
 1892 0192 50494E45 		.ascii	"PINEAPPLEJUICE\000"
 1892      4150504C 
 1892      454A5549 
 1892      434500
 1893              	.LASF4:
 1894 01a1 6C6F6E67 		.ascii	"long int\000"
 1894      20696E74 
 1894      00
 1895              	.LASF61:
 1896 01aa 696E6772 		.ascii	"ingredients\000"
 1896      65646965 
 1896      6E747300 
 1897              	.LASF10:
 1898 01b6 696E7433 		.ascii	"int32_t\000"
 1898      325F7400 
 1899              	.LASF72:
 1900 01be 444B4553 		.ascii	"DKESpecial_Amounts\000"
 1900      70656369 
 1900      616C5F41 
 1900      6D6F756E 
 1900      747300
 1901              	.LASF71:
 1902 01d1 444B4553 		.ascii	"DKESpecial_Ingredients\000"
 1902      70656369 
 1902      616C5F49 
 1902      6E677265 
 1902      6469656E 
 1903              	.LASF28:
 1904 01e8 45564552 		.ascii	"EVERCLEAR\000"
 1904      434C4541 
 1904      5200
 1905              	.LASF1:
 1906 01f2 756E7369 		.ascii	"unsigned char\000"
 1906      676E6564 
 1906      20636861 
 1906      7200
 1907              	.LASF60:
 1908 0200 6E616D65 		.ascii	"name\000"
 1908      00
ARM GAS  C:\Users\mark6\AppData\Local\Temp\cck94tIo.s 			page 42


 1909              	.LASF58:
 1910 0205 496E6772 		.ascii	"Ingredients\000"
 1910      65646965 
 1910      6E747300 
 1911              	.LASF44:
 1912 0211 53454C54 		.ascii	"SELTZER\000"
 1912      5A455200 
 1913              	.LASF79:
 1914 0219 50696E61 		.ascii	"PinaColada_Ingredients\000"
 1914      436F6C61 
 1914      64615F49 
 1914      6E677265 
 1914      6469656E 
 1915              	.LASF73:
 1916 0230 47696E54 		.ascii	"GinTonic_Ingredients\000"
 1916      6F6E6963 
 1916      5F496E67 
 1916      72656469 
 1916      656E7473 
 1917              	.LASF42:
 1918 0245 50494E4B 		.ascii	"PINKWHITNEY\000"
 1918      57484954 
 1918      4E455900 
 1919              	.LASF27:
 1920 0251 444F4354 		.ascii	"DOCTOR\000"
 1920      4F5200
 1921              	.LASF0:
 1922 0258 7369676E 		.ascii	"signed char\000"
 1922      65642063 
 1922      68617200 
 1923              	.LASF39:
 1924 0264 50455050 		.ascii	"PEPPERMINTSCHANPPS\000"
 1924      45524D49 
 1924      4E545343 
 1924      48414E50 
 1924      505300
 1925              	.LASF7:
 1926 0277 6C6F6E67 		.ascii	"long long unsigned int\000"
 1926      206C6F6E 
 1926      6720756E 
 1926      7369676E 
 1926      65642069 
 1927              	.LASF20:
 1928 028e 42454552 		.ascii	"BEER\000"
 1928      00
 1929              	.LASF8:
 1930 0293 756E7369 		.ascii	"unsigned int\000"
 1930      676E6564 
 1930      20696E74 
 1930      00
 1931              	.LASF16:
 1932 02a0 4E4F4452 		.ascii	"NODRINK\000"
 1932      494E4B00 
 1933              	.LASF76:
 1934 02a8 48617261 		.ascii	"HarabedianSpecial_Amounts\000"
 1934      62656469 
 1934      616E5370 
ARM GAS  C:\Users\mark6\AppData\Local\Temp\cck94tIo.s 			page 43


 1934      65636961 
 1934      6C5F416D 
 1935              	.LASF38:
 1936 02c2 50415454 		.ascii	"PATTYOSHURRICANEMIX\000"
 1936      594F5348 
 1936      55525249 
 1936      43414E45 
 1936      4D495800 
 1937              	.LASF3:
 1938 02d6 73686F72 		.ascii	"short unsigned int\000"
 1938      7420756E 
 1938      7369676E 
 1938      65642069 
 1938      6E7400
 1939              	.LASF62:
 1940 02e9 6E756D5F 		.ascii	"num_ingredients\000"
 1940      696E6772 
 1940      65646965 
 1940      6E747300 
 1941              	.LASF29:
 1942 02f9 4741544F 		.ascii	"GATORADE\000"
 1942      52414445 
 1942      00
 1943              	.LASF35:
 1944 0302 4D454C4F 		.ascii	"MELONLIQUEUR\000"
 1944      4E4C4951 
 1944      55455552 
 1944      00
 1945              	.LASF51:
 1946 030f 57484953 		.ascii	"WHISKEY\000"
 1946      4B455900 
 1947              	.LASF85:
 1948 0317 49544D5F 		.ascii	"ITM_RxBuffer\000"
 1948      52784275 
 1948      66666572 
 1948      00
 1949              	.LASF88:
 1950 0324 474E5520 		.ascii	"GNU C 4.9.3 20150303 (release) [ARM/embedded-4_9-br"
 1950      4320342E 
 1950      392E3320 
 1950      32303135 
 1950      30333033 
 1951 0357 616E6368 		.ascii	"anch revision 221220] -mcpu=cortex-m3 -mthumb -g -O"
 1951      20726576 
 1951      6973696F 
 1951      6E203232 
 1951      31323230 
 1952 038a 67202D66 		.ascii	"g -ffunction-sections -ffat-lto-objects\000"
 1952      66756E63 
 1952      74696F6E 
 1952      2D736563 
 1952      74696F6E 
 1953              	.LASF47:
 1954 03b2 54455155 		.ascii	"TEQUILA\000"
 1954      494C4100 
 1955              	.LASF87:
 1956 03ba 4E554D5F 		.ascii	"NUM_DRINKS\000"
ARM GAS  C:\Users\mark6\AppData\Local\Temp\cck94tIo.s 			page 44


 1956      4452494E 
 1956      4B5300
 1957              	.LASF26:
 1958 03c5 4441524B 		.ascii	"DARKRUM\000"
 1958      52554D00 
 1959              	.LASF94:
 1960 03cd 73747263 		.ascii	"strcpy\000"
 1960      707900
 1961              	.LASF81:
 1962 03d4 52656442 		.ascii	"RedBullVodka_Ingredients\000"
 1962      756C6C56 
 1962      6F646B61 
 1962      5F496E67 
 1962      72656469 
 1963              	.LASF48:
 1964 03ed 544F4E49 		.ascii	"TONIC\000"
 1964      4300
 1965              	.LASF68:
 1966 03f3 696E6772 		.ascii	"ingredient_ptr\000"
 1966      65646965 
 1966      6E745F70 
 1966      747200
 1967              	.LASF37:
 1968 0402 4F52414E 		.ascii	"ORANGEJUICE\000"
 1968      47454A55 
 1968      49434500 
 1969              	.LASF43:
 1970 040e 52454442 		.ascii	"REDBULL\000"
 1970      554C4C00 
 1971              	.LASF5:
 1972 0416 6C6F6E67 		.ascii	"long unsigned int\000"
 1972      20756E73 
 1972      69676E65 
 1972      6420696E 
 1972      7400
 1973              	.LASF36:
 1974 0428 4D494C4B 		.ascii	"MILK\000"
 1974      00
 1975              	.LASF12:
 1976 042d 646F7562 		.ascii	"double\000"
 1976      6C6500
 1977              	.LASF55:
 1978 0434 6C697175 		.ascii	"liquid\000"
 1978      696400
 1979              	.LASF32:
 1980 043b 4C454D4F 		.ascii	"LEMONADE\000"
 1980      4E414445 
 1980      00
 1981              	.LASF25:
 1982 0444 4352414E 		.ascii	"CRANBERRYJUICE\000"
 1982      42455252 
 1982      594A5549 
 1982      434500
 1983              	.LASF22:
 1984 0453 4348414D 		.ascii	"CHAMPAGNE\000"
 1984      5041474E 
 1984      4500
ARM GAS  C:\Users\mark6\AppData\Local\Temp\cck94tIo.s 			page 45


 1985              	.LASF77:
 1986 045d 49736C61 		.ascii	"IslandSpecial_Ingredients\000"
 1986      6E645370 
 1986      65636961 
 1986      6C5F496E 
 1986      67726564 
 1987              	.LASF78:
 1988 0477 49736C61 		.ascii	"IslandSpecial_Amounts\000"
 1988      6E645370 
 1988      65636961 
 1988      6C5F416D 
 1988      6F756E74 
 1989              	.LASF9:
 1990 048d 5F5F696E 		.ascii	"__int32_t\000"
 1990      7433325F 
 1990      7400
 1991              	.LASF24:
 1992 0497 434F4B45 		.ascii	"COKE\000"
 1992      00
 1993              	.LASF33:
 1994 049c 4D414C49 		.ascii	"MALIBU\000"
 1994      425500
 1995              	.LASF86:
 1996 04a3 4C697175 		.ascii	"Liquids\000"
 1996      69647300 
 1997              	.LASF15:
 1998 04ab 73697A65 		.ascii	"sizetype\000"
 1998      74797065 
 1998      00
 1999              	.LASF65:
 2000 04b4 4472696E 		.ascii	"Drink_Create\000"
 2000      6B5F4372 
 2000      65617465 
 2000      00
 2001              	.LASF64:
 2002 04c1 496E6772 		.ascii	"Ingredient_Create\000"
 2002      65646965 
 2002      6E745F43 
 2002      72656174 
 2002      6500
 2003              	.LASF31:
 2004 04d3 4B41484C 		.ascii	"KAHLUA\000"
 2004      554100
 2005              	.LASF56:
 2006 04da 616D6F75 		.ascii	"amount\000"
 2006      6E7400
 2007              	.LASF83:
 2008 04e1 53637265 		.ascii	"Screwdriver_Ingredients\000"
 2008      77647269 
 2008      7665725F 
 2008      496E6772 
 2008      65646965 
 2009              	.LASF52:
 2010 04f9 57484954 		.ascii	"WHITECLAW\000"
 2010      45434C41 
 2010      5700
 2011              	.LASF57:
ARM GAS  C:\Users\mark6\AppData\Local\Temp\cck94tIo.s 			page 46


 2012 0503 496E6772 		.ascii	"Ingredient\000"
 2012      65646965 
 2012      6E7400
 2013              	.LASF53:
 2014 050e 57484954 		.ascii	"WHITERUM\000"
 2014      4552554D 
 2014      00
 2015              	.LASF80:
 2016 0517 50696E61 		.ascii	"PinaColada_Amounts\000"
 2016      436F6C61 
 2016      64615F41 
 2016      6D6F756E 
 2016      747300
 2017              	.LASF49:
 2018 052a 54524950 		.ascii	"TRIPLESEC\000"
 2018      4C455345 
 2018      4300
 2019              		.ident	"GCC: (GNU Tools for ARM Embedded Processors) 4.9.3 20150303 (release) [ARM/embedded-4_9-br
